2022-04-03 21:03:44 [restartedMain] INFO  c.z.ZynbbsApplication - Starting ZynbbsApplication on DESKTOP-J7RAUGS with PID 14112 (F:\ideaProject\target\classes started by dell in F:\ideaProject)
2022-04-03 21:03:44 [restartedMain] INFO  c.z.ZynbbsApplication - The following profiles are active: dev
2022-04-03 21:03:45 [restartedMain] INFO  o.s.b.d.r.ChangeableUrls - The Class-Path manifest attribute in E:\Maven\.m2\repository\com\sun\xml\bind\jaxb-impl\2.1\jaxb-impl-2.1.jar referenced one or more files that do not exist: file:/E:/Maven/.m2/repository/com/sun/xml/bind/jaxb-impl/2.1/jaxb-api.jar,file:/E:/Maven/.m2/repository/com/sun/xml/bind/jaxb-impl/2.1/activation.jar,file:/E:/Maven/.m2/repository/com/sun/xml/bind/jaxb-impl/2.1/jsr173_1.0_api.jar,file:/E:/Maven/.m2/repository/com/sun/xml/bind/jaxb-impl/2.1/jaxb1-impl.jar
2022-04-03 21:03:45 [restartedMain] INFO  o.s.b.d.e.DevToolsPropertyDefaultsPostProcessor - Devtools property defaults active! Set 'spring.devtools.add-properties' to 'false' to disable
2022-04-03 21:03:45 [restartedMain] INFO  o.s.b.d.e.DevToolsPropertyDefaultsPostProcessor - For additional web related logging consider setting the 'logging.level.web' property to 'DEBUG'
2022-04-03 21:03:48 [restartedMain] INFO  o.s.c.s.PostProcessorRegistrationDelegate$BeanPostProcessorChecker - Bean 'siteConfig' of type [com.zynbbs.config.SiteConfig$$EnhancerBySpringCGLIB$$bb264d3d] is not eligible for getting processed by all BeanPostProcessors (for example: not eligible for auto-proxying)
2022-04-03 21:03:48 [restartedMain] INFO  o.s.c.s.PostProcessorRegistrationDelegate$BeanPostProcessorChecker - Bean 'dataSourceHelper' of type [com.zynbbs.config.DataSourceHelper$$EnhancerBySpringCGLIB$$61681047] is not eligible for getting processed by all BeanPostProcessors (for example: not eligible for auto-proxying)
2022-04-03 21:03:48 [restartedMain] INFO  o.s.c.s.PostProcessorRegistrationDelegate$BeanPostProcessorChecker - Bean 'dataSourceConfig' of type [com.zynbbs.config.DataSourceConfig$$EnhancerBySpringCGLIB$$715b325b] is not eligible for getting processed by all BeanPostProcessors (for example: not eligible for auto-proxying)
2022-04-03 21:03:48 [restartedMain] INFO  c.z.h.HikariDataSource - HikariPool-1 - Starting...
2022-04-03 21:03:48 [restartedMain] INFO  c.z.h.HikariDataSource - HikariPool-1 - Start completed.
2022-04-03 21:03:48 [restartedMain] INFO  o.s.c.s.PostProcessorRegistrationDelegate$BeanPostProcessorChecker - Bean 'dataSource' of type [com.zaxxer.hikari.HikariDataSource] is not eligible for getting processed by all BeanPostProcessors (for example: not eligible for auto-proxying)
2022-04-03 21:03:48 [restartedMain] INFO  o.f.c.i.l.VersionPrinter - Flyway Community Edition 5.2.1 by Boxfuse
2022-04-03 21:03:48 [restartedMain] INFO  o.f.c.i.d.DatabaseFactory - Database: jdbc:mysql://localhost:3306/pybbs (MySQL 8.0)
2022-04-03 21:03:49 [restartedMain] INFO  o.f.c.i.c.DbValidate - Successfully validated 18 migrations (execution time 00:00.160s)
2022-04-03 21:03:49 [restartedMain] INFO  o.f.c.i.c.DbMigrate - Current version of schema `pybbs`: 1.17
2022-04-03 21:03:49 [restartedMain] INFO  o.f.c.i.c.DbMigrate - Schema `pybbs` is up to date. No migration necessary.
2022-04-03 21:03:49 [restartedMain] INFO  o.s.c.s.PostProcessorRegistrationDelegate$BeanPostProcessorChecker - Bean 'flywayConfig' of type [com.zynbbs.config.FlywayConfig$$EnhancerBySpringCGLIB$$f1da79b2] is not eligible for getting processed by all BeanPostProcessors (for example: not eligible for auto-proxying)
2022-04-03 21:03:49 [restartedMain] INFO  o.s.c.s.PostProcessorRegistrationDelegate$BeanPostProcessorChecker - Bean 'mybatisPlusConfig' of type [com.zynbbs.config.MybatisPlusConfig$$EnhancerBySpringCGLIB$$cb796c5] is not eligible for getting processed by all BeanPostProcessors (for example: not eligible for auto-proxying)
2022-04-03 21:03:49 [restartedMain] INFO  o.s.c.s.PostProcessorRegistrationDelegate$BeanPostProcessorChecker - Bean 'mybatisSqlSession' of type [org.apache.ibatis.session.defaults.DefaultSqlSessionFactory] is not eligible for getting processed by all BeanPostProcessors (for example: not eligible for auto-proxying)
2022-04-03 21:03:49 [restartedMain] INFO  o.s.c.s.PostProcessorRegistrationDelegate$BeanPostProcessorChecker - Bean 'mybatis-plus-com.baomidou.mybatisplus.autoconfigure.MybatisPlusProperties' of type [com.baomidou.mybatisplus.autoconfigure.MybatisPlusProperties] is not eligible for getting processed by all BeanPostProcessors (for example: not eligible for auto-proxying)
2022-04-03 21:03:49 [restartedMain] INFO  o.s.c.s.PostProcessorRegistrationDelegate$BeanPostProcessorChecker - Bean 'com.baomidou.mybatisplus.autoconfigure.MybatisPlusAutoConfiguration' of type [com.baomidou.mybatisplus.autoconfigure.MybatisPlusAutoConfiguration$$EnhancerBySpringCGLIB$$46cc2a9a] is not eligible for getting processed by all BeanPostProcessors (for example: not eligible for auto-proxying)
2022-04-03 21:03:49 [restartedMain] INFO  o.s.c.s.PostProcessorRegistrationDelegate$BeanPostProcessorChecker - Bean 'sqlSessionTemplate' of type [org.mybatis.spring.SqlSessionTemplate] is not eligible for getting processed by all BeanPostProcessors (for example: not eligible for auto-proxying)
2022-04-03 21:03:49 [restartedMain] INFO  o.s.c.s.PostProcessorRegistrationDelegate$BeanPostProcessorChecker - Bean 'adminUserMapper' of type [org.mybatis.spring.mapper.MapperFactoryBean] is not eligible for getting processed by all BeanPostProcessors (for example: not eligible for auto-proxying)
2022-04-03 21:03:49 [restartedMain] INFO  o.s.c.s.PostProcessorRegistrationDelegate$BeanPostProcessorChecker - Bean 'adminUserMapper' of type [com.sun.proxy.$Proxy73] is not eligible for getting processed by all BeanPostProcessors (for example: not eligible for auto-proxying)
2022-04-03 21:03:49 [restartedMain] INFO  o.s.c.s.PostProcessorRegistrationDelegate$BeanPostProcessorChecker - Bean 'adminUserService' of type [com.zynbbs.service.impl.AdminUserService] is not eligible for getting processed by all BeanPostProcessors (for example: not eligible for auto-proxying)
2022-04-03 21:03:49 [restartedMain] INFO  o.s.c.s.PostProcessorRegistrationDelegate$BeanPostProcessorChecker - Bean 'roleMapper' of type [org.mybatis.spring.mapper.MapperFactoryBean] is not eligible for getting processed by all BeanPostProcessors (for example: not eligible for auto-proxying)
2022-04-03 21:03:49 [restartedMain] INFO  o.s.c.s.PostProcessorRegistrationDelegate$BeanPostProcessorChecker - Bean 'roleMapper' of type [com.sun.proxy.$Proxy74] is not eligible for getting processed by all BeanPostProcessors (for example: not eligible for auto-proxying)
2022-04-03 21:03:49 [restartedMain] INFO  o.s.c.s.PostProcessorRegistrationDelegate$BeanPostProcessorChecker - Bean 'rolePermissionMapper' of type [org.mybatis.spring.mapper.MapperFactoryBean] is not eligible for getting processed by all BeanPostProcessors (for example: not eligible for auto-proxying)
2022-04-03 21:03:49 [restartedMain] INFO  o.s.c.s.PostProcessorRegistrationDelegate$BeanPostProcessorChecker - Bean 'rolePermissionMapper' of type [com.sun.proxy.$Proxy75] is not eligible for getting processed by all BeanPostProcessors (for example: not eligible for auto-proxying)
2022-04-03 21:03:49 [restartedMain] INFO  o.s.c.s.PostProcessorRegistrationDelegate$BeanPostProcessorChecker - Bean 'rolePermissionService' of type [com.zynbbs.service.impl.RolePermissionService] is not eligible for getting processed by all BeanPostProcessors (for example: not eligible for auto-proxying)
2022-04-03 21:03:49 [restartedMain] INFO  o.s.c.s.PostProcessorRegistrationDelegate$BeanPostProcessorChecker - Bean 'permissionMapper' of type [org.mybatis.spring.mapper.MapperFactoryBean] is not eligible for getting processed by all BeanPostProcessors (for example: not eligible for auto-proxying)
2022-04-03 21:03:49 [restartedMain] INFO  o.s.c.s.PostProcessorRegistrationDelegate$BeanPostProcessorChecker - Bean 'permissionMapper' of type [com.sun.proxy.$Proxy76] is not eligible for getting processed by all BeanPostProcessors (for example: not eligible for auto-proxying)
2022-04-03 21:03:49 [restartedMain] INFO  o.s.c.s.PostProcessorRegistrationDelegate$BeanPostProcessorChecker - Bean 'permissionService' of type [com.zynbbs.service.impl.PermissionService] is not eligible for getting processed by all BeanPostProcessors (for example: not eligible for auto-proxying)
2022-04-03 21:03:49 [restartedMain] INFO  o.s.c.s.PostProcessorRegistrationDelegate$BeanPostProcessorChecker - Bean 'roleService' of type [com.zynbbs.service.impl.RoleService] is not eligible for getting processed by all BeanPostProcessors (for example: not eligible for auto-proxying)
2022-04-03 21:03:49 [restartedMain] INFO  o.s.c.s.PostProcessorRegistrationDelegate$BeanPostProcessorChecker - Bean 'myShiroRealm' of type [com.zynbbs.config.realm.MyShiroRealm] is not eligible for getting processed by all BeanPostProcessors (for example: not eligible for auto-proxying)
2022-04-03 21:03:49 [restartedMain] INFO  o.s.c.s.PostProcessorRegistrationDelegate$BeanPostProcessorChecker - Bean 'systemConfigMapper' of type [org.mybatis.spring.mapper.MapperFactoryBean] is not eligible for getting processed by all BeanPostProcessors (for example: not eligible for auto-proxying)
2022-04-03 21:03:49 [restartedMain] INFO  o.s.c.s.PostProcessorRegistrationDelegate$BeanPostProcessorChecker - Bean 'systemConfigMapper' of type [com.sun.proxy.$Proxy78] is not eligible for getting processed by all BeanPostProcessors (for example: not eligible for auto-proxying)
2022-04-03 21:03:49 [restartedMain] INFO  o.s.c.s.PostProcessorRegistrationDelegate$BeanPostProcessorChecker - Bean 'systemConfigService' of type [com.zynbbs.service.impl.SystemConfigService] is not eligible for getting processed by all BeanPostProcessors (for example: not eligible for auto-proxying)
2022-04-03 21:03:49 [restartedMain] INFO  o.s.c.s.PostProcessorRegistrationDelegate$BeanPostProcessorChecker - Bean 'shiroConfig' of type [com.zynbbs.config.ShiroConfig$$EnhancerBySpringCGLIB$$1c17ace9] is not eligible for getting processed by all BeanPostProcessors (for example: not eligible for auto-proxying)
2022-04-03 21:03:51 [restartedMain] INFO  o.s.c.s.PostProcessorRegistrationDelegate$BeanPostProcessorChecker - Bean 'myCredentialsMatcher' of type [com.zynbbs.config.realm.MyCredentialsMatcher] is not eligible for getting processed by all BeanPostProcessors (for example: not eligible for auto-proxying)
2022-04-03 21:03:51 [restartedMain] INFO  o.s.c.s.PostProcessorRegistrationDelegate$BeanPostProcessorChecker - Bean 'rememberMeCookie' of type [org.apache.shiro.web.servlet.SimpleCookie] is not eligible for getting processed by all BeanPostProcessors (for example: not eligible for auto-proxying)
2022-04-03 21:03:51 [restartedMain] INFO  o.s.c.s.PostProcessorRegistrationDelegate$BeanPostProcessorChecker - Bean 'rememberMeManager' of type [org.apache.shiro.web.mgt.CookieRememberMeManager] is not eligible for getting processed by all BeanPostProcessors (for example: not eligible for auto-proxying)
2022-04-03 21:03:51 [restartedMain] INFO  o.s.c.s.PostProcessorRegistrationDelegate$BeanPostProcessorChecker - Bean 'defaultWebSecurityManager' of type [org.apache.shiro.web.mgt.DefaultWebSecurityManager] is not eligible for getting processed by all BeanPostProcessors (for example: not eligible for auto-proxying)
2022-04-03 21:03:51 [restartedMain] INFO  c.z.c.ShiroConfig - 开始配置shiroFilter...
2022-04-03 21:03:51 [restartedMain] INFO  o.s.c.s.PostProcessorRegistrationDelegate$BeanPostProcessorChecker - Bean 'authorizationAttributeSourceAdvisor' of type [org.apache.shiro.spring.security.interceptor.AuthorizationAttributeSourceAdvisor] is not eligible for getting processed by all BeanPostProcessors (for example: not eligible for auto-proxying)
2022-04-03 21:03:51 [restartedMain] INFO  o.s.c.s.PostProcessorRegistrationDelegate$BeanPostProcessorChecker - Bean 'org.springframework.transaction.annotation.ProxyTransactionManagementConfiguration' of type [org.springframework.transaction.annotation.ProxyTransactionManagementConfiguration] is not eligible for getting processed by all BeanPostProcessors (for example: not eligible for auto-proxying)
2022-04-03 21:03:52 [restartedMain] INFO  io.undertow.servlet - Initializing Spring embedded WebApplicationContext
2022-04-03 21:03:52 [restartedMain] INFO  o.s.w.c.ContextLoader - Root WebApplicationContext: initialization completed in 7040 ms
2022-04-03 21:03:52 [restartedMain] INFO  o.s.w.s.v.f.FreeMarkerConfig - 开始配置freemarker全局变量...
2022-04-03 21:03:52 [restartedMain] INFO  o.s.w.s.v.f.FreeMarkerConfig - freemarker全局变量配置完成!
2022-04-03 21:03:52 [restartedMain] INFO  o.s.w.s.v.f.FreeMarkerConfig - 开始配置freemarker自定义标签...
2022-04-03 21:03:52 [restartedMain] INFO  o.s.w.s.v.f.FreeMarkerConfig - freemarker自定义标签配置完成!
2022-04-03 21:03:54 [restartedMain] INFO  o.s.b.d.a.OptionalLiveReloadServer - LiveReload server is running on port 35729
2022-04-03 21:03:54 [restartedMain] INFO  i.u.websockets.jsr - UT026003: Adding annotated server endpoint class com.zynbbs.config.websocket.MyWebSocket for path /websocket
2022-04-03 21:03:54 [restartedMain] INFO  io.undertow - starting server: Undertow - 2.0.28.Final
2022-04-03 21:03:54 [restartedMain] INFO  org.xnio - XNIO version 3.3.8.Final
2022-04-03 21:03:54 [restartedMain] INFO  org.xnio.nio - XNIO NIO Implementation Version 3.3.8.Final
2022-04-03 21:03:55 [restartedMain] INFO  o.s.b.w.e.u.UndertowServletWebServer - Undertow started on port(s) 8080 (http) with context path ''
2022-04-03 21:03:55 [restartedMain] INFO  c.z.ZynbbsApplication - Started ZynbbsApplication in 11.656 seconds (JVM running for 15.72)
2022-04-03 21:05:05 [XNIO-1 task-1] INFO  io.undertow.servlet - Initializing Spring DispatcherServlet 'dispatcherServlet'
2022-04-03 21:05:05 [XNIO-1 task-1] INFO  o.s.w.s.DispatcherServlet - Initializing Servlet 'dispatcherServlet'
2022-04-03 21:05:06 [XNIO-1 task-1] INFO  o.s.w.s.DispatcherServlet - Completed initialization in 35 ms
2022-04-03 21:05:06 [XNIO-1 task-1] INFO  c.z.p.RedisService - redis配置信息不全或没有配置...
2022-04-03 21:05:06 [XNIO-1 task-1] INFO  c.z.p.RedisService - redis配置信息不全或没有配置...
2022-04-03 21:05:07 [XNIO-1 task-1] INFO  c.z.i.CommonInterceptor - 0:0:0:0:0:0:0:1|/|excitation=1046ms
2022-04-03 21:05:07 [XNIO-1 task-7] INFO  c.z.i.CommonInterceptor - 0:0:0:0:0:0:0:1|/static/theme/default/js/app.js|excitation=65ms
2022-04-03 21:05:07 [XNIO-1 task-8] INFO  c.z.i.CommonInterceptor - 0:0:0:0:0:0:0:1|/static/theme/default/libs/layer/layer.js|excitation=65ms
2022-04-03 21:05:07 [XNIO-1 task-6] INFO  c.z.i.CommonInterceptor - 0:0:0:0:0:0:0:1|/static/bootstrap-4.3.1-dist/js/bootstrap.bundle.min.js|excitation=65ms
2022-04-03 21:05:07 [XNIO-1 task-4] INFO  c.z.i.CommonInterceptor - 0:0:0:0:0:0:0:1|/static/jquery.min.js|excitation=69ms
2022-04-03 21:05:07 [XNIO-1 task-5] INFO  c.z.i.CommonInterceptor - 0:0:0:0:0:0:0:1|/static/theme/default/css/app.css|excitation=83ms
2022-04-03 21:05:07 [XNIO-1 task-2] INFO  c.z.i.CommonInterceptor - 0:0:0:0:0:0:0:1|/static/bootstrap-4.3.1-dist/css/bootstrap.min.css|excitation=91ms
2022-04-03 21:05:07 [XNIO-1 task-10] INFO  c.z.i.CommonInterceptor - 0:0:0:0:0:0:0:1|/static/upload/avatar/123/avatar.jpeg|v=357049|excitation=52ms
2022-04-03 21:05:07 [XNIO-1 task-11] INFO  c.z.i.CommonInterceptor - 0:0:0:0:0:0:0:1|/static/upload/avatar/asd/avatar.jpeg|v=437307|excitation=19ms
2022-04-03 21:05:07 [XNIO-1 task-3] INFO  c.z.i.CommonInterceptor - 0:0:0:0:0:0:0:1|/static/Font-Awesome-4.7.0/css/font-awesome.min.css|excitation=205ms
2022-04-03 21:05:07 [XNIO-1 task-9] INFO  c.z.i.CommonInterceptor - 0:0:0:0:0:0:0:1|/static/upload/avatar/czx/avatar.jpeg|v=853759|excitation=156ms
2022-04-03 21:05:07 [XNIO-1 task-12] INFO  c.z.i.CommonInterceptor - 0:0:0:0:0:0:0:1|/static/theme/default/libs/layer/theme/default/layer.css|v=3.1.1|excitation=29ms
2022-04-03 21:05:07 [XNIO-1 task-13] INFO  c.z.p.RedisService - redis配置信息不全或没有配置...
2022-04-03 21:05:07 [XNIO-1 task-13] INFO  c.z.p.RedisService - redis配置信息不全或没有配置...
2022-04-03 21:05:07 [XNIO-1 task-13] INFO  c.z.i.CommonInterceptor - 0:0:0:0:0:0:0:1|/api/notification/notRead|_=1648991107366|excitation=92ms
2022-04-03 21:05:07 [XNIO-1 task-14] INFO  c.z.i.CommonInterceptor - 0:0:0:0:0:0:0:1|/static/Font-Awesome-4.7.0/fonts/fontawesome-webfont.woff2|v=4.7.0|excitation=21ms
2022-04-03 21:05:11 [XNIO-1 task-15] INFO  c.z.i.CommonInterceptor - 0:0:0:0:0:0:0:1|/adminlogin|excitation=31ms
2022-04-03 21:05:11 [XNIO-1 task-17] INFO  c.z.i.CommonInterceptor - 0:0:0:0:0:0:0:1|/static/jquery-toast-plugin/jquery.toast.min.css|excitation=10ms
2022-04-03 21:05:11 [XNIO-1 task-20] INFO  c.z.i.CommonInterceptor - 0:0:0:0:0:0:0:1|/static/AdminLTE-2.4.8/js/adminlte.min.js|excitation=13ms
2022-04-03 21:05:11 [XNIO-1 task-18] INFO  c.z.i.CommonInterceptor - 0:0:0:0:0:0:0:1|/static/AdminLTE-2.4.8/css/AdminLTE.min.css|excitation=23ms
2022-04-03 21:05:11 [XNIO-1 task-16] INFO  c.z.i.CommonInterceptor - 0:0:0:0:0:0:0:1|/static/bootstrap-3.3.7-dist/css/bootstrap.min.css|excitation=40ms
2022-04-03 21:05:11 [XNIO-1 task-21] INFO  c.z.i.CommonInterceptor - 0:0:0:0:0:0:0:1|/static/jquery-toast-plugin/jquery.toast.min.js|excitation=31ms
2022-04-03 21:05:11 [XNIO-1 task-22] INFO  c.z.i.CommonInterceptor - 0:0:0:0:0:0:0:1|/static/bootstrap-3.3.7-dist/js/bootstrap.min.js|excitation=45ms
2022-04-03 21:05:11 [XNIO-1 task-19] INFO  c.z.i.CommonInterceptor - 0:0:0:0:0:0:0:1|/static/AdminLTE-2.4.8/css/skins/_all-skins.min.css|excitation=48ms
2022-04-03 21:05:12 [XNIO-1 task-24] INFO  c.z.i.CommonInterceptor - 0:0:0:0:0:0:0:1|/static/bootstrap-3.3.7-dist/fonts/glyphicons-halflings-regular.woff2|excitation=159ms
2022-04-03 21:05:12 [XNIO-1 task-23] INFO  c.z.i.CommonInterceptor - 0:0:0:0:0:0:0:1|/common/captcha|excitation=1074ms
2022-04-03 21:05:12 [XNIO-1 task-25] INFO  c.z.i.CommonInterceptor - 0:0:0:0:0:0:0:1|/error|excitation=24ms
2022-04-03 21:05:25 [XNIO-1 task-26] INFO  c.z.c.r.MyShiroRealm - 用户：admin 正在登录...
2022-04-03 21:05:25 [XNIO-1 task-26] INFO  c.z.i.CommonInterceptor - 0:0:0:0:0:0:0:1|/admin/login|password=123123|code=wpbg|rememberMe=1|username=admin|excitation=340ms
2022-04-03 21:05:26 [XNIO-1 task-27] INFO  c.z.i.CommonInterceptor - 0:0:0:0:0:0:0:1|/admin/index|excitation=823ms
2022-04-03 21:05:26 [XNIO-1 task-31] INFO  c.z.i.CommonInterceptor - 0:0:0:0:0:0:0:1|/static/bootstrap-datepicker-1.8.0/locales/bootstrap-datepicker.zh-CN.min.js|excitation=1ms
2022-04-03 21:05:26 [XNIO-1 task-28] INFO  c.z.i.CommonInterceptor - 0:0:0:0:0:0:0:1|/static/ionicons-2.0.1/css/ionicons.min.css|excitation=28ms
2022-04-03 21:05:26 [XNIO-1 task-29] INFO  c.z.i.CommonInterceptor - 0:0:0:0:0:0:0:1|/static/bootstrap-datepicker-1.8.0/css/bootstrap-datepicker.min.css|excitation=26ms
2022-04-03 21:05:26 [XNIO-1 task-32] INFO  c.z.i.CommonInterceptor - 0:0:0:0:0:0:0:1|/static/admin/js/app.min.js|excitation=27ms
2022-04-03 21:05:26 [XNIO-1 task-30] INFO  c.z.i.CommonInterceptor - 0:0:0:0:0:0:0:1|/static/bootstrap-datepicker-1.8.0/js/bootstrap-datepicker.min.js|excitation=48ms
2022-04-03 21:05:26 [XNIO-1 task-33] INFO  c.z.i.CommonInterceptor - 0:0:0:0:0:0:0:1|/static/ionicons-2.0.1/fonts/ionicons.ttf|v=2.0.0|excitation=15ms
2022-04-03 21:05:28 [XNIO-1 task-34] INFO  c.z.i.CommonInterceptor - 0:0:0:0:0:0:0:1|/admin/user/list|excitation=466ms
2022-04-03 21:05:31 [XNIO-1 task-35] INFO  c.z.i.CommonInterceptor - 0:0:0:0:0:0:0:1|/admin/topic/list|excitation=245ms
2022-04-03 21:06:24 [XNIO-1 task-36] INFO  c.z.i.CommonInterceptor - 0:0:0:0:0:0:0:1|/admin/user/list|excitation=38ms
2022-04-03 21:06:35 [XNIO-1 task-37] INFO  c.z.i.CommonInterceptor - 0:0:0:0:0:0:0:1|/admin/role/list|excitation=93ms
2022-04-03 21:06:36 [XNIO-1 task-38] INFO  c.z.i.CommonInterceptor - 0:0:0:0:0:0:0:1|/admin/admin_user/list|excitation=60ms
2022-04-03 21:06:38 [XNIO-1 task-39] INFO  c.z.i.CommonInterceptor - 0:0:0:0:0:0:0:1|/admin/permission/list|excitation=133ms
2022-04-03 21:06:38 [XNIO-1 task-40] INFO  c.z.i.CommonInterceptor - 0:0:0:0:0:0:0:1|/admin/system/edit|excitation=48ms
2022-04-03 21:06:41 [XNIO-1 task-41] INFO  c.z.i.CommonInterceptor - 0:0:0:0:0:0:0:1|/notifications|excitation=71ms
2022-04-03 21:06:41 [XNIO-1 task-42] INFO  c.z.p.RedisService - redis配置信息不全或没有配置...
2022-04-03 21:06:41 [XNIO-1 task-42] INFO  c.z.p.RedisService - redis配置信息不全或没有配置...
2022-04-03 21:06:41 [XNIO-1 task-42] INFO  c.z.i.CommonInterceptor - 0:0:0:0:0:0:0:1|/api/notification/notRead|_=1648991201826|excitation=14ms
2022-04-03 21:06:47 [XNIO-1 task-43] INFO  c.z.p.RedisService - redis配置信息不全或没有配置...
2022-04-03 21:06:47 [XNIO-1 task-43] INFO  c.z.p.RedisService - redis配置信息不全或没有配置...
2022-04-03 21:06:47 [XNIO-1 task-43] INFO  c.z.p.RedisService - redis配置信息不全或没有配置...
2022-04-03 21:06:47 [XNIO-1 task-43] INFO  c.z.p.RedisService - redis配置信息不全或没有配置...
2022-04-03 21:06:47 [XNIO-1 task-43] INFO  c.z.p.RedisService - redis配置信息不全或没有配置...
2022-04-03 21:06:47 [XNIO-1 task-43] INFO  c.z.p.RedisService - redis配置信息不全或没有配置...
2022-04-03 21:06:47 [XNIO-1 task-43] INFO  c.z.i.CommonInterceptor - 0:0:0:0:0:0:0:1|/user/123|excitation=349ms
2022-04-03 21:06:48 [XNIO-1 task-44] INFO  c.z.p.RedisService - redis配置信息不全或没有配置...
2022-04-03 21:06:48 [XNIO-1 task-44] INFO  c.z.p.RedisService - redis配置信息不全或没有配置...
2022-04-03 21:06:48 [XNIO-1 task-44] INFO  c.z.i.CommonInterceptor - 0:0:0:0:0:0:0:1|/api/notification/notRead|_=1648991207969|excitation=18ms
2022-04-03 21:06:55 [XNIO-1 task-45] INFO  c.z.i.CommonInterceptor - 0:0:0:0:0:0:0:1|/notifications|excitation=8ms
2022-04-03 21:06:55 [XNIO-1 task-46] INFO  c.z.p.RedisService - redis配置信息不全或没有配置...
2022-04-03 21:06:55 [XNIO-1 task-46] INFO  c.z.p.RedisService - redis配置信息不全或没有配置...
2022-04-03 21:06:55 [XNIO-1 task-46] INFO  c.z.i.CommonInterceptor - 0:0:0:0:0:0:0:1|/api/notification/notRead|_=1648991215666|excitation=13ms
2022-04-03 21:07:39 [XNIO-1 task-47] INFO  c.z.i.CommonInterceptor - 0:0:0:0:0:0:0:1|/admin/comment/list|excitation=85ms
2022-04-03 21:08:00 [XNIO-1 task-48] INFO  c.z.i.CommonInterceptor - 0:0:0:0:0:0:0:1|/admin/topic/list|excitation=173ms
2022-04-03 21:08:11 [XNIO-1 task-49] INFO  c.z.i.CommonInterceptor - 0:0:0:0:0:0:0:1|/admin/user/list|excitation=38ms
2022-04-03 21:08:15 [XNIO-1 task-50] INFO  c.z.i.CommonInterceptor - 0:0:0:0:0:0:0:1|/admin/user/edit|id=3|excitation=40ms
2022-04-03 21:08:44 [XNIO-1 task-51] INFO  c.z.i.CommonInterceptor - 0:0:0:0:0:0:0:1|/admin/user/list|excitation=39ms
2022-04-03 21:08:46 [XNIO-1 task-52] INFO  c.z.i.CommonInterceptor - 0:0:0:0:0:0:0:1|/admin/user/edit|id=2|excitation=20ms
2022-04-03 21:08:58 [XNIO-1 task-53] INFO  c.z.i.CommonInterceptor - 0:0:0:0:0:0:0:1|/admin/admin_user/list|excitation=32ms
2022-04-03 21:09:00 [XNIO-1 task-54] INFO  c.z.i.CommonInterceptor - 0:0:0:0:0:0:0:1|/admin/role/list|excitation=46ms
2022-04-03 21:09:00 [XNIO-1 task-55] INFO  c.z.i.CommonInterceptor - 0:0:0:0:0:0:0:1|/admin/admin_user/list|excitation=26ms
2022-04-03 21:09:02 [XNIO-1 task-56] INFO  c.z.i.CommonInterceptor - 0:0:0:0:0:0:0:1|/admin/role/list|excitation=26ms
2022-04-03 21:09:05 [XNIO-1 task-57] INFO  c.z.i.CommonInterceptor - 0:0:0:0:0:0:0:1|/admin/role/edit|id=1|excitation=81ms
2022-04-03 21:09:13 [XNIO-1 task-58] INFO  c.z.i.CommonInterceptor - 0:0:0:0:0:0:0:1|/admin/role/list|excitation=28ms
2022-04-03 21:09:14 [XNIO-1 task-59] INFO  c.z.i.CommonInterceptor - 0:0:0:0:0:0:0:1|/admin/role/edit|id=2|excitation=33ms
2022-04-03 21:10:08 [XNIO-1 task-60] INFO  c.z.i.CommonInterceptor - 0:0:0:0:0:0:0:1|/admin/permission/list|excitation=69ms
2022-04-03 21:10:11 [XNIO-1 task-61] INFO  c.z.i.CommonInterceptor - 0:0:0:0:0:0:0:1|/admin/permission/list|pid=4|excitation=48ms
2022-04-03 21:10:24 [XNIO-1 task-62] INFO  c.z.i.CommonInterceptor - 0:0:0:0:0:0:0:1|/admin/system/edit|excitation=29ms
2022-04-03 21:10:32 [XNIO-1 task-63] INFO  c.z.i.CommonInterceptor - 0:0:0:0:0:0:0:1|/|excitation=36ms
2022-04-03 21:10:32 [XNIO-1 task-64] INFO  c.z.p.RedisService - redis配置信息不全或没有配置...
2022-04-03 21:10:32 [XNIO-1 task-64] INFO  c.z.p.RedisService - redis配置信息不全或没有配置...
2022-04-03 21:10:32 [XNIO-1 task-64] INFO  c.z.i.CommonInterceptor - 0:0:0:0:0:0:0:1|/api/notification/notRead|_=1648991432932|excitation=16ms
2022-04-03 21:10:35 [XNIO-1 task-1] INFO  c.z.p.RedisService - redis配置信息不全或没有配置...
2022-04-03 21:10:35 [XNIO-1 task-1] INFO  c.z.p.RedisService - redis配置信息不全或没有配置...
2022-04-03 21:10:35 [XNIO-1 task-1] INFO  c.z.p.RedisService - redis配置信息不全或没有配置...
2022-04-03 21:10:35 [XNIO-1 task-1] INFO  c.z.p.RedisService - redis配置信息不全或没有配置...
2022-04-03 21:10:35 [XNIO-1 task-1] INFO  c.z.p.RedisService - redis配置信息不全或没有配置...
2022-04-03 21:10:35 [XNIO-1 task-1] INFO  c.z.p.RedisService - redis配置信息不全或没有配置...
2022-04-03 21:10:35 [XNIO-1 task-1] INFO  c.z.i.CommonInterceptor - 0:0:0:0:0:0:0:1|/user/czx|excitation=35ms
2022-04-03 21:10:35 [XNIO-1 task-6] INFO  c.z.p.RedisService - redis配置信息不全或没有配置...
2022-04-03 21:10:35 [XNIO-1 task-6] INFO  c.z.p.RedisService - redis配置信息不全或没有配置...
2022-04-03 21:10:35 [XNIO-1 task-6] INFO  c.z.i.CommonInterceptor - 0:0:0:0:0:0:0:1|/api/notification/notRead|_=1648991435822|excitation=13ms
2022-04-03 21:10:42 [XNIO-1 task-7] INFO  c.z.i.CommonInterceptor - 0:0:0:0:0:0:0:1|/notifications|excitation=10ms
2022-04-03 21:10:42 [XNIO-1 task-8] INFO  c.z.p.RedisService - redis配置信息不全或没有配置...
2022-04-03 21:10:42 [XNIO-1 task-8] INFO  c.z.p.RedisService - redis配置信息不全或没有配置...
2022-04-03 21:10:42 [XNIO-1 task-8] INFO  c.z.i.CommonInterceptor - 0:0:0:0:0:0:0:1|/api/notification/notRead|_=1648991442921|excitation=11ms
2022-04-03 21:10:45 [XNIO-1 task-4] INFO  c.z.i.CommonInterceptor - 0:0:0:0:0:0:0:1|/|excitation=19ms
2022-04-03 21:10:45 [XNIO-1 task-5] INFO  c.z.p.RedisService - redis配置信息不全或没有配置...
2022-04-03 21:10:45 [XNIO-1 task-5] INFO  c.z.p.RedisService - redis配置信息不全或没有配置...
2022-04-03 21:10:45 [XNIO-1 task-5] INFO  c.z.i.CommonInterceptor - 0:0:0:0:0:0:0:1|/api/notification/notRead|_=1648991445128|excitation=8ms
2022-04-03 21:10:47 [XNIO-1 task-2] INFO  c.z.p.RedisService - redis配置信息不全或没有配置...
2022-04-03 21:10:47 [XNIO-1 task-2] INFO  c.z.p.RedisService - redis配置信息不全或没有配置...
2022-04-03 21:10:47 [XNIO-1 task-2] INFO  c.z.p.RedisService - redis配置信息不全或没有配置...
2022-04-03 21:10:47 [XNIO-1 task-2] INFO  c.z.p.RedisService - redis配置信息不全或没有配置...
2022-04-03 21:10:47 [XNIO-1 task-2] INFO  c.z.p.RedisService - redis配置信息不全或没有配置...
2022-04-03 21:10:47 [XNIO-1 task-2] INFO  c.z.p.RedisService - redis配置信息不全或没有配置...
2022-04-03 21:10:47 [XNIO-1 task-2] INFO  c.z.p.RedisService - redis配置信息不全或没有配置...
2022-04-03 21:10:47 [XNIO-1 task-2] INFO  c.z.i.CommonInterceptor - 0:0:0:0:0:0:0:1|/topic/2|excitation=256ms
2022-04-03 21:10:47 [XNIO-1 task-10] INFO  c.z.i.CommonInterceptor - 0:0:0:0:0:0:0:1|/static/highlight.js/styles/github.min.css|excitation=1ms
2022-04-03 21:10:47 [XNIO-1 task-10] INFO  c.z.i.CommonInterceptor - 0:0:0:0:0:0:0:1|/error|excitation=1ms
2022-04-03 21:10:48 [XNIO-1 task-14] INFO  c.z.i.CommonInterceptor - 0:0:0:0:0:0:0:1|/static/highlight.js/highlight.min.js|excitation=0ms
2022-04-03 21:10:48 [XNIO-1 task-12] INFO  c.z.i.CommonInterceptor - 0:0:0:0:0:0:0:1|/static/codemirror/markdown/markdown.min.js|excitation=0ms
2022-04-03 21:10:48 [XNIO-1 task-14] INFO  c.z.i.CommonInterceptor - 0:0:0:0:0:0:0:1|/error|excitation=1ms
2022-04-03 21:10:48 [XNIO-1 task-12] INFO  c.z.i.CommonInterceptor - 0:0:0:0:0:0:0:1|/error|excitation=1ms
2022-04-03 21:10:48 [XNIO-1 task-11] INFO  c.z.i.CommonInterceptor - 0:0:0:0:0:0:0:1|/static/upload/topic/asd/e2c8c141-97fa-4098-b261-1c9b5358ec92.png|v=728395|excitation=28ms
2022-04-03 21:10:48 [XNIO-1 task-11] INFO  c.z.i.CommonInterceptor - 0:0:0:0:0:0:0:1|/error|v=728395|excitation=2ms
2022-04-03 21:10:48 [XNIO-1 task-3] INFO  c.z.i.CommonInterceptor - 0:0:0:0:0:0:0:1|/static/codemirror/codemirror.min.css|excitation=33ms
2022-04-03 21:10:48 [XNIO-1 task-13] INFO  c.z.i.CommonInterceptor - 0:0:0:0:0:0:0:1|/static/codemirror/placeholder.min.js|excitation=21ms
2022-04-03 21:10:48 [XNIO-1 task-9] INFO  c.z.i.CommonInterceptor - 0:0:0:0:0:0:0:1|/static/codemirror/codemirror.min.js|excitation=26ms
2022-04-03 21:10:48 [XNIO-1 task-15] INFO  c.z.i.CommonInterceptor - 0:0:0:0:0:0:0:1|/static/codemirror/markdown/markdown.min.js|excitation=0ms
2022-04-03 21:10:48 [XNIO-1 task-15] INFO  c.z.i.CommonInterceptor - 0:0:0:0:0:0:0:1|/error|excitation=1ms
2022-04-03 21:10:48 [XNIO-1 task-17] INFO  c.z.i.CommonInterceptor - 0:0:0:0:0:0:0:1|/static/highlight.js/highlight.min.js|excitation=2ms
2022-04-03 21:10:48 [XNIO-1 task-17] INFO  c.z.i.CommonInterceptor - 0:0:0:0:0:0:0:1|/error|excitation=1ms
2022-04-03 21:10:48 [XNIO-1 task-20] INFO  c.z.p.RedisService - redis配置信息不全或没有配置...
2022-04-03 21:10:48 [XNIO-1 task-20] INFO  c.z.p.RedisService - redis配置信息不全或没有配置...
2022-04-03 21:10:48 [XNIO-1 task-20] INFO  c.z.i.CommonInterceptor - 0:0:0:0:0:0:0:1|/api/notification/notRead|_=1648991448000|excitation=12ms
2022-04-03 21:10:49 [XNIO-1 task-18] INFO  c.z.p.RedisService - redis配置信息不全或没有配置...
2022-04-03 21:10:49 [XNIO-1 task-18] INFO  c.z.p.RedisService - redis配置信息不全或没有配置...
2022-04-03 21:10:49 [XNIO-1 task-18] INFO  c.z.p.RedisService - redis配置信息不全或没有配置...
2022-04-03 21:10:49 [XNIO-1 task-18] INFO  c.z.p.RedisService - redis配置信息不全或没有配置...
2022-04-03 21:10:49 [XNIO-1 task-18] INFO  c.z.p.RedisService - redis配置信息不全或没有配置...
2022-04-03 21:10:49 [XNIO-1 task-18] INFO  c.z.p.RedisService - redis配置信息不全或没有配置...
2022-04-03 21:10:49 [XNIO-1 task-18] INFO  c.z.i.CommonInterceptor - 0:0:0:0:0:0:0:1|/user/asd|excitation=35ms
2022-04-03 21:10:49 [XNIO-1 task-16] INFO  c.z.p.RedisService - redis配置信息不全或没有配置...
2022-04-03 21:10:49 [XNIO-1 task-16] INFO  c.z.p.RedisService - redis配置信息不全或没有配置...
2022-04-03 21:10:49 [XNIO-1 task-16] INFO  c.z.i.CommonInterceptor - 0:0:0:0:0:0:0:1|/api/notification/notRead|_=1648991449666|excitation=21ms
2022-04-03 21:10:53 [XNIO-1 task-21] INFO  c.z.p.RedisService - redis配置信息不全或没有配置...
2022-04-03 21:10:53 [XNIO-1 task-21] INFO  c.z.p.RedisService - redis配置信息不全或没有配置...
2022-04-03 21:10:53 [XNIO-1 task-21] INFO  c.z.i.CommonInterceptor - 0:0:0:0:0:0:0:1|/user/asd/topics|excitation=27ms
2022-04-03 21:10:53 [XNIO-1 task-22] INFO  c.z.p.RedisService - redis配置信息不全或没有配置...
2022-04-03 21:10:53 [XNIO-1 task-22] INFO  c.z.p.RedisService - redis配置信息不全或没有配置...
2022-04-03 21:10:53 [XNIO-1 task-22] INFO  c.z.i.CommonInterceptor - 0:0:0:0:0:0:0:1|/api/notification/notRead|_=1648991453241|excitation=7ms
2022-04-03 21:10:56 [XNIO-1 task-19] INFO  c.z.p.RedisService - redis配置信息不全或没有配置...
2022-04-03 21:10:56 [XNIO-1 task-19] INFO  c.z.p.RedisService - redis配置信息不全或没有配置...
2022-04-03 21:10:56 [XNIO-1 task-19] INFO  c.z.p.RedisService - redis配置信息不全或没有配置...
2022-04-03 21:10:56 [XNIO-1 task-19] INFO  c.z.p.RedisService - redis配置信息不全或没有配置...
2022-04-03 21:10:56 [XNIO-1 task-19] INFO  c.z.p.RedisService - redis配置信息不全或没有配置...
2022-04-03 21:10:56 [XNIO-1 task-19] INFO  c.z.p.RedisService - redis配置信息不全或没有配置...
2022-04-03 21:10:56 [XNIO-1 task-19] INFO  c.z.p.RedisService - redis配置信息不全或没有配置...
2022-04-03 21:10:56 [XNIO-1 task-19] INFO  c.z.i.CommonInterceptor - 0:0:0:0:0:0:0:1|/topic/9|excitation=43ms
2022-04-03 21:10:56 [XNIO-1 task-24] INFO  c.z.i.CommonInterceptor - 0:0:0:0:0:0:0:1|/static/highlight.js/styles/github.min.css|excitation=1ms
2022-04-03 21:10:56 [XNIO-1 task-24] INFO  c.z.i.CommonInterceptor - 0:0:0:0:0:0:0:1|/error|excitation=1ms
2022-04-03 21:10:56 [XNIO-1 task-23] INFO  c.z.i.CommonInterceptor - 0:0:0:0:0:0:0:1|/static/upload/topic/asd/1d6659c0-f6f8-4b1b-9a71-023c5c82cdf9.jpeg|v=989797|excitation=1ms
2022-04-03 21:10:56 [XNIO-1 task-23] INFO  c.z.i.CommonInterceptor - 0:0:0:0:0:0:0:1|/error|v=989797|excitation=1ms
2022-04-03 21:10:56 [XNIO-1 task-25] INFO  c.z.i.CommonInterceptor - 0:0:0:0:0:0:0:1|/static/codemirror/markdown/markdown.min.js|excitation=0ms
2022-04-03 21:10:56 [XNIO-1 task-25] INFO  c.z.i.CommonInterceptor - 0:0:0:0:0:0:0:1|/error|excitation=1ms
2022-04-03 21:10:56 [XNIO-1 task-26] INFO  c.z.i.CommonInterceptor - 0:0:0:0:0:0:0:1|/static/highlight.js/highlight.min.js|excitation=1ms
2022-04-03 21:10:56 [XNIO-1 task-26] INFO  c.z.i.CommonInterceptor - 0:0:0:0:0:0:0:1|/error|excitation=0ms
2022-04-03 21:10:56 [XNIO-1 task-27] INFO  c.z.i.CommonInterceptor - 0:0:0:0:0:0:0:1|/static/highlight.js/highlight.min.js|excitation=1ms
2022-04-03 21:10:56 [XNIO-1 task-27] INFO  c.z.i.CommonInterceptor - 0:0:0:0:0:0:0:1|/error|excitation=1ms
2022-04-03 21:10:56 [XNIO-1 task-31] INFO  c.z.p.RedisService - redis配置信息不全或没有配置...
2022-04-03 21:10:56 [XNIO-1 task-31] INFO  c.z.p.RedisService - redis配置信息不全或没有配置...
2022-04-03 21:10:56 [XNIO-1 task-31] INFO  c.z.i.CommonInterceptor - 0:0:0:0:0:0:0:1|/api/notification/notRead|_=1648991456266|excitation=12ms
2022-04-03 21:11:06 [XNIO-1 task-28] INFO  c.z.p.RedisService - redis配置信息不全或没有配置...
2022-04-03 21:11:06 [XNIO-1 task-28] INFO  c.z.p.RedisService - redis配置信息不全或没有配置...
2022-04-03 21:11:06 [XNIO-1 task-28] INFO  c.z.p.RedisService - redis配置信息不全或没有配置...
2022-04-03 21:11:06 [XNIO-1 task-28] INFO  c.z.p.RedisService - redis配置信息不全或没有配置...
2022-04-03 21:11:06 [XNIO-1 task-28] INFO  c.z.p.RedisService - redis配置信息不全或没有配置...
2022-04-03 21:11:06 [XNIO-1 task-28] INFO  c.z.p.RedisService - redis配置信息不全或没有配置...
2022-04-03 21:11:06 [XNIO-1 task-28] INFO  c.z.p.RedisService - redis配置信息不全或没有配置...
2022-04-03 21:11:06 [XNIO-1 task-28] INFO  c.z.i.CommonInterceptor - 0:0:0:0:0:0:0:1|/topic/9|excitation=52ms
2022-04-03 21:11:06 [XNIO-1 task-29] INFO  c.z.i.CommonInterceptor - 0:0:0:0:0:0:0:1|/static/highlight.js/styles/github.min.css|excitation=1ms
2022-04-03 21:11:06 [XNIO-1 task-29] INFO  c.z.i.CommonInterceptor - 0:0:0:0:0:0:0:1|/error|excitation=2ms
2022-04-03 21:11:06 [XNIO-1 task-32] INFO  c.z.i.CommonInterceptor - 0:0:0:0:0:0:0:1|/static/upload/topic/asd/1d6659c0-f6f8-4b1b-9a71-023c5c82cdf9.jpeg|v=989797|excitation=1ms
2022-04-03 21:11:06 [XNIO-1 task-32] INFO  c.z.i.CommonInterceptor - 0:0:0:0:0:0:0:1|/error|v=989797|excitation=2ms
2022-04-03 21:11:06 [XNIO-1 task-33] INFO  c.z.i.CommonInterceptor - 0:0:0:0:0:0:0:1|/static/highlight.js/highlight.min.js|excitation=1ms
2022-04-03 21:11:06 [XNIO-1 task-30] INFO  c.z.i.CommonInterceptor - 0:0:0:0:0:0:0:1|/static/codemirror/markdown/markdown.min.js|excitation=1ms
2022-04-03 21:11:06 [XNIO-1 task-33] INFO  c.z.i.CommonInterceptor - 0:0:0:0:0:0:0:1|/error|excitation=1ms
2022-04-03 21:11:06 [XNIO-1 task-30] INFO  c.z.i.CommonInterceptor - 0:0:0:0:0:0:0:1|/error|excitation=1ms
2022-04-03 21:11:06 [XNIO-1 task-34] INFO  c.z.i.CommonInterceptor - 0:0:0:0:0:0:0:1|/static/codemirror/markdown/markdown.min.js|excitation=1ms
2022-04-03 21:11:06 [XNIO-1 task-34] INFO  c.z.i.CommonInterceptor - 0:0:0:0:0:0:0:1|/error|excitation=2ms
2022-04-03 21:11:06 [XNIO-1 task-35] INFO  c.z.i.CommonInterceptor - 0:0:0:0:0:0:0:1|/static/highlight.js/highlight.min.js|excitation=0ms
2022-04-03 21:11:06 [XNIO-1 task-35] INFO  c.z.i.CommonInterceptor - 0:0:0:0:0:0:0:1|/error|excitation=0ms
2022-04-03 21:11:06 [XNIO-1 task-36] INFO  c.z.p.RedisService - redis配置信息不全或没有配置...
2022-04-03 21:11:06 [XNIO-1 task-36] INFO  c.z.p.RedisService - redis配置信息不全或没有配置...
2022-04-03 21:11:06 [XNIO-1 task-36] INFO  c.z.i.CommonInterceptor - 0:0:0:0:0:0:0:1|/api/notification/notRead|_=1648991466834|excitation=13ms
2022-04-03 21:11:11 [XNIO-1 task-37] INFO  c.z.i.CommonInterceptor - 0:0:0:0:0:0:0:1|/|excitation=22ms
2022-04-03 21:11:11 [XNIO-1 task-38] INFO  c.z.p.RedisService - redis配置信息不全或没有配置...
2022-04-03 21:11:11 [XNIO-1 task-38] INFO  c.z.p.RedisService - redis配置信息不全或没有配置...
2022-04-03 21:11:11 [XNIO-1 task-38] INFO  c.z.i.CommonInterceptor - 0:0:0:0:0:0:0:1|/api/notification/notRead|_=1648991471627|excitation=17ms
2022-04-03 21:11:15 [XNIO-1 task-39] INFO  c.z.p.RedisService - redis配置信息不全或没有配置...
2022-04-03 21:11:15 [XNIO-1 task-39] INFO  c.z.p.RedisService - redis配置信息不全或没有配置...
2022-04-03 21:11:15 [XNIO-1 task-39] INFO  c.z.p.RedisService - redis配置信息不全或没有配置...
2022-04-03 21:11:15 [XNIO-1 task-39] INFO  c.z.p.RedisService - redis配置信息不全或没有配置...
2022-04-03 21:11:15 [XNIO-1 task-39] INFO  c.z.p.RedisService - redis配置信息不全或没有配置...
2022-04-03 21:11:15 [XNIO-1 task-39] INFO  c.z.p.RedisService - redis配置信息不全或没有配置...
2022-04-03 21:11:15 [XNIO-1 task-39] INFO  c.z.i.CommonInterceptor - 0:0:0:0:0:0:0:1|/user/czx|excitation=47ms
2022-04-03 21:11:15 [XNIO-1 task-40] INFO  c.z.p.RedisService - redis配置信息不全或没有配置...
2022-04-03 21:11:15 [XNIO-1 task-40] INFO  c.z.p.RedisService - redis配置信息不全或没有配置...
2022-04-03 21:11:15 [XNIO-1 task-40] INFO  c.z.i.CommonInterceptor - 0:0:0:0:0:0:0:1|/api/notification/notRead|_=1648991475123|excitation=10ms
2022-04-03 21:11:17 [XNIO-1 task-41] INFO  c.z.p.RedisService - redis配置信息不全或没有配置...
2022-04-03 21:11:17 [XNIO-1 task-41] INFO  c.z.p.RedisService - redis配置信息不全或没有配置...
2022-04-03 21:11:17 [XNIO-1 task-41] INFO  c.z.i.CommonInterceptor - 0:0:0:0:0:0:0:1|/user/czx/topics|excitation=18ms
2022-04-03 21:11:18 [XNIO-1 task-42] INFO  c.z.p.RedisService - redis配置信息不全或没有配置...
2022-04-03 21:11:18 [XNIO-1 task-42] INFO  c.z.p.RedisService - redis配置信息不全或没有配置...
2022-04-03 21:11:18 [XNIO-1 task-42] INFO  c.z.i.CommonInterceptor - 0:0:0:0:0:0:0:1|/api/notification/notRead|_=1648991478015|excitation=16ms
2022-04-03 21:11:21 [XNIO-1 task-43] INFO  c.z.p.RedisService - redis配置信息不全或没有配置...
2022-04-03 21:11:21 [XNIO-1 task-43] INFO  c.z.p.RedisService - redis配置信息不全或没有配置...
2022-04-03 21:11:21 [XNIO-1 task-43] INFO  c.z.i.CommonInterceptor - 0:0:0:0:0:0:0:1|/api/notification/notRead|_=1648991481022|excitation=10ms
2022-04-03 21:11:22 [XNIO-1 task-44] INFO  c.z.p.RedisService - redis配置信息不全或没有配置...
2022-04-03 21:11:22 [XNIO-1 task-44] INFO  c.z.p.RedisService - redis配置信息不全或没有配置...
2022-04-03 21:11:22 [XNIO-1 task-44] INFO  c.z.p.RedisService - redis配置信息不全或没有配置...
2022-04-03 21:11:22 [XNIO-1 task-44] INFO  c.z.p.RedisService - redis配置信息不全或没有配置...
2022-04-03 21:11:22 [XNIO-1 task-44] INFO  c.z.p.RedisService - redis配置信息不全或没有配置...
2022-04-03 21:11:22 [XNIO-1 task-44] INFO  c.z.p.RedisService - redis配置信息不全或没有配置...
2022-04-03 21:11:22 [XNIO-1 task-44] INFO  c.z.p.RedisService - redis配置信息不全或没有配置...
2022-04-03 21:11:22 [XNIO-1 task-44] INFO  c.z.i.CommonInterceptor - 0:0:0:0:0:0:0:1|/topic/5|excitation=48ms
2022-04-03 21:11:22 [XNIO-1 task-45] INFO  c.z.i.CommonInterceptor - 0:0:0:0:0:0:0:1|/static/highlight.js/styles/github.min.css|excitation=1ms
2022-04-03 21:11:22 [XNIO-1 task-45] INFO  c.z.i.CommonInterceptor - 0:0:0:0:0:0:0:1|/error|excitation=1ms
2022-04-03 21:11:22 [XNIO-1 task-46] INFO  c.z.i.CommonInterceptor - 0:0:0:0:0:0:0:1|/static/codemirror/markdown/markdown.min.js|excitation=0ms
2022-04-03 21:11:22 [XNIO-1 task-47] INFO  c.z.i.CommonInterceptor - 0:0:0:0:0:0:0:1|/static/highlight.js/highlight.min.js|excitation=0ms
2022-04-03 21:11:22 [XNIO-1 task-46] INFO  c.z.i.CommonInterceptor - 0:0:0:0:0:0:0:1|/error|excitation=0ms
2022-04-03 21:11:22 [XNIO-1 task-47] INFO  c.z.i.CommonInterceptor - 0:0:0:0:0:0:0:1|/error|excitation=1ms
2022-04-03 21:11:22 [XNIO-1 task-48] INFO  c.z.i.CommonInterceptor - 0:0:0:0:0:0:0:1|/static/codemirror/markdown/markdown.min.js|excitation=0ms
2022-04-03 21:11:22 [XNIO-1 task-48] INFO  c.z.i.CommonInterceptor - 0:0:0:0:0:0:0:1|/error|excitation=1ms
2022-04-03 21:11:22 [XNIO-1 task-49] INFO  c.z.i.CommonInterceptor - 0:0:0:0:0:0:0:1|/static/highlight.js/highlight.min.js|excitation=1ms
2022-04-03 21:11:22 [XNIO-1 task-49] INFO  c.z.i.CommonInterceptor - 0:0:0:0:0:0:0:1|/error|excitation=1ms
2022-04-03 21:11:22 [XNIO-1 task-50] INFO  c.z.p.RedisService - redis配置信息不全或没有配置...
2022-04-03 21:11:22 [XNIO-1 task-50] INFO  c.z.p.RedisService - redis配置信息不全或没有配置...
2022-04-03 21:11:22 [XNIO-1 task-50] INFO  c.z.i.CommonInterceptor - 0:0:0:0:0:0:0:1|/api/notification/notRead|_=1648991482310|excitation=6ms
2022-04-03 21:11:36 [XNIO-1 task-51] INFO  c.z.i.CommonInterceptor - 0:0:0:0:0:0:0:1|/notifications|excitation=10ms
2022-04-03 21:11:36 [XNIO-1 task-52] INFO  c.z.p.RedisService - redis配置信息不全或没有配置...
2022-04-03 21:11:36 [XNIO-1 task-52] INFO  c.z.p.RedisService - redis配置信息不全或没有配置...
2022-04-03 21:11:36 [XNIO-1 task-52] INFO  c.z.i.CommonInterceptor - 0:0:0:0:0:0:0:1|/api/notification/notRead|_=1648991496810|excitation=8ms
2022-04-03 21:11:37 [XNIO-1 task-53] INFO  c.z.p.RedisService - redis配置信息不全或没有配置...
2022-04-03 21:11:37 [XNIO-1 task-53] INFO  c.z.p.RedisService - redis配置信息不全或没有配置...
2022-04-03 21:11:37 [XNIO-1 task-53] INFO  c.z.p.RedisService - redis配置信息不全或没有配置...
2022-04-03 21:11:37 [XNIO-1 task-53] INFO  c.z.p.RedisService - redis配置信息不全或没有配置...
2022-04-03 21:11:37 [XNIO-1 task-53] INFO  c.z.p.RedisService - redis配置信息不全或没有配置...
2022-04-03 21:11:37 [XNIO-1 task-53] INFO  c.z.p.RedisService - redis配置信息不全或没有配置...
2022-04-03 21:11:37 [XNIO-1 task-53] INFO  c.z.i.CommonInterceptor - 0:0:0:0:0:0:0:1|/user/123|excitation=32ms
2022-04-03 21:11:37 [XNIO-1 task-54] INFO  c.z.p.RedisService - redis配置信息不全或没有配置...
2022-04-03 21:11:37 [XNIO-1 task-54] INFO  c.z.p.RedisService - redis配置信息不全或没有配置...
2022-04-03 21:11:37 [XNIO-1 task-54] INFO  c.z.i.CommonInterceptor - 0:0:0:0:0:0:0:1|/api/notification/notRead|_=1648991497605|excitation=12ms
2022-04-03 21:11:41 [XNIO-1 task-55] INFO  c.z.p.RedisService - redis配置信息不全或没有配置...
2022-04-03 21:11:41 [XNIO-1 task-55] INFO  c.z.p.RedisService - redis配置信息不全或没有配置...
2022-04-03 21:11:41 [XNIO-1 task-55] INFO  c.z.i.CommonInterceptor - 0:0:0:0:0:0:0:1|/user/123/collects|excitation=60ms
2022-04-03 21:11:41 [XNIO-1 task-56] INFO  c.z.p.RedisService - redis配置信息不全或没有配置...
2022-04-03 21:11:41 [XNIO-1 task-56] INFO  c.z.p.RedisService - redis配置信息不全或没有配置...
2022-04-03 21:11:41 [XNIO-1 task-56] INFO  c.z.i.CommonInterceptor - 0:0:0:0:0:0:0:1|/api/notification/notRead|_=1648991501940|excitation=12ms
2022-04-03 21:11:43 [XNIO-1 task-57] INFO  c.z.p.RedisService - redis配置信息不全或没有配置...
2022-04-03 21:11:43 [XNIO-1 task-57] INFO  c.z.p.RedisService - redis配置信息不全或没有配置...
2022-04-03 21:11:43 [XNIO-1 task-57] INFO  c.z.p.RedisService - redis配置信息不全或没有配置...
2022-04-03 21:11:43 [XNIO-1 task-57] INFO  c.z.p.RedisService - redis配置信息不全或没有配置...
2022-04-03 21:11:43 [XNIO-1 task-57] INFO  c.z.p.RedisService - redis配置信息不全或没有配置...
2022-04-03 21:11:43 [XNIO-1 task-57] INFO  c.z.p.RedisService - redis配置信息不全或没有配置...
2022-04-03 21:11:43 [XNIO-1 task-57] INFO  c.z.p.RedisService - redis配置信息不全或没有配置...
2022-04-03 21:11:43 [XNIO-1 task-57] INFO  c.z.i.CommonInterceptor - 0:0:0:0:0:0:0:1|/topic/1|excitation=49ms
2022-04-03 21:11:43 [XNIO-1 task-58] INFO  c.z.i.CommonInterceptor - 0:0:0:0:0:0:0:1|/static/highlight.js/styles/github.min.css|excitation=0ms
2022-04-03 21:11:43 [XNIO-1 task-58] INFO  c.z.i.CommonInterceptor - 0:0:0:0:0:0:0:1|/error|excitation=1ms
2022-04-03 21:11:43 [XNIO-1 task-60] INFO  c.z.i.CommonInterceptor - 0:0:0:0:0:0:0:1|/static/codemirror/markdown/markdown.min.js|excitation=0ms
2022-04-03 21:11:43 [XNIO-1 task-61] INFO  c.z.i.CommonInterceptor - 0:0:0:0:0:0:0:1|/static/highlight.js/highlight.min.js|excitation=0ms
2022-04-03 21:11:43 [XNIO-1 task-61] INFO  c.z.i.CommonInterceptor - 0:0:0:0:0:0:0:1|/error|excitation=1ms
2022-04-03 21:11:43 [XNIO-1 task-60] INFO  c.z.i.CommonInterceptor - 0:0:0:0:0:0:0:1|/error|excitation=1ms
2022-04-03 21:11:43 [XNIO-1 task-59] INFO  c.z.i.CommonInterceptor - 0:0:0:0:0:0:0:1|/static/upload/topic/123/09bb6f6f-42a8-4db8-9028-a5c13bd49373.png|v=185471|excitation=29ms
2022-04-03 21:11:43 [XNIO-1 task-62] INFO  c.z.i.CommonInterceptor - 0:0:0:0:0:0:0:1|/static/codemirror/markdown/markdown.min.js|excitation=1ms
2022-04-03 21:11:43 [XNIO-1 task-62] INFO  c.z.i.CommonInterceptor - 0:0:0:0:0:0:0:1|/error|excitation=1ms
2022-04-03 21:11:43 [XNIO-1 task-63] INFO  c.z.i.CommonInterceptor - 0:0:0:0:0:0:0:1|/static/highlight.js/highlight.min.js|excitation=1ms
2022-04-03 21:11:43 [XNIO-1 task-63] INFO  c.z.i.CommonInterceptor - 0:0:0:0:0:0:0:1|/error|excitation=1ms
2022-04-03 21:11:43 [XNIO-1 task-64] INFO  c.z.p.RedisService - redis配置信息不全或没有配置...
2022-04-03 21:11:43 [XNIO-1 task-64] INFO  c.z.p.RedisService - redis配置信息不全或没有配置...
2022-04-03 21:11:43 [XNIO-1 task-64] INFO  c.z.i.CommonInterceptor - 0:0:0:0:0:0:0:1|/api/notification/notRead|_=1648991503648|excitation=12ms
2022-04-03 21:11:59 [XNIO-1 task-1] INFO  c.z.i.CommonInterceptor - 0:0:0:0:0:0:0:1|/notifications|excitation=11ms
2022-04-03 21:11:59 [XNIO-1 task-6] INFO  c.z.p.RedisService - redis配置信息不全或没有配置...
2022-04-03 21:11:59 [XNIO-1 task-6] INFO  c.z.p.RedisService - redis配置信息不全或没有配置...
2022-04-03 21:11:59 [XNIO-1 task-6] INFO  c.z.i.CommonInterceptor - 0:0:0:0:0:0:0:1|/api/notification/notRead|_=1648991519545|excitation=9ms
2022-04-03 21:12:05 [XNIO-1 task-7] INFO  c.z.i.CommonInterceptor - 0:0:0:0:0:0:0:1|/|excitation=20ms
2022-04-03 21:12:05 [XNIO-1 task-8] INFO  c.z.p.RedisService - redis配置信息不全或没有配置...
2022-04-03 21:12:05 [XNIO-1 task-8] INFO  c.z.p.RedisService - redis配置信息不全或没有配置...
2022-04-03 21:12:05 [XNIO-1 task-8] INFO  c.z.i.CommonInterceptor - 0:0:0:0:0:0:0:1|/api/notification/notRead|_=1648991525863|excitation=14ms
2022-04-03 21:12:10 [XNIO-1 task-4] INFO  c.z.i.CommonInterceptor - 0:0:0:0:0:0:0:1|/notifications|excitation=10ms
2022-04-03 21:12:11 [XNIO-1 task-5] INFO  c.z.p.RedisService - redis配置信息不全或没有配置...
2022-04-03 21:12:11 [XNIO-1 task-5] INFO  c.z.p.RedisService - redis配置信息不全或没有配置...
2022-04-03 21:12:11 [XNIO-1 task-5] INFO  c.z.i.CommonInterceptor - 0:0:0:0:0:0:0:1|/api/notification/notRead|_=1648991530991|excitation=12ms
2022-04-03 21:13:15 [SpringContextShutdownHook] INFO  c.z.h.HikariDataSource - HikariPool-1 - Shutdown initiated...
2022-04-03 21:13:15 [SpringContextShutdownHook] INFO  c.z.h.HikariDataSource - HikariPool-1 - Shutdown completed.
2022-04-03 21:13:15 [SpringContextShutdownHook] INFO  io.undertow.servlet - Destroying Spring FrameworkServlet 'dispatcherServlet'
2022-04-03 21:13:15 [SpringContextShutdownHook] INFO  io.undertow - stopping server: Undertow - 2.0.28.Final
