2022-04-16 11:10:46 [restartedMain] INFO  c.z.ZynbbsApplication - Starting ZynbbsApplication on DESKTOP-J7RAUGS with PID 18520 (F:\ideaProject\target\classes started by dell in F:\ideaProject)
2022-04-16 11:10:46 [restartedMain] INFO  c.z.ZynbbsApplication - The following profiles are active: dev
2022-04-16 11:10:46 [restartedMain] INFO  o.s.b.d.r.ChangeableUrls - The Class-Path manifest attribute in E:\Maven\.m2\repository\com\sun\xml\bind\jaxb-impl\2.1\jaxb-impl-2.1.jar referenced one or more files that do not exist: file:/E:/Maven/.m2/repository/com/sun/xml/bind/jaxb-impl/2.1/jaxb-api.jar,file:/E:/Maven/.m2/repository/com/sun/xml/bind/jaxb-impl/2.1/activation.jar,file:/E:/Maven/.m2/repository/com/sun/xml/bind/jaxb-impl/2.1/jsr173_1.0_api.jar,file:/E:/Maven/.m2/repository/com/sun/xml/bind/jaxb-impl/2.1/jaxb1-impl.jar
2022-04-16 11:10:46 [restartedMain] INFO  o.s.b.d.e.DevToolsPropertyDefaultsPostProcessor - Devtools property defaults active! Set 'spring.devtools.add-properties' to 'false' to disable
2022-04-16 11:10:46 [restartedMain] INFO  o.s.b.d.e.DevToolsPropertyDefaultsPostProcessor - For additional web related logging consider setting the 'logging.level.web' property to 'DEBUG'
2022-04-16 11:10:48 [restartedMain] INFO  o.s.c.s.PostProcessorRegistrationDelegate$BeanPostProcessorChecker - Bean 'siteConfig' of type [com.zynbbs.config.SiteConfig$$EnhancerBySpringCGLIB$$2605053b] is not eligible for getting processed by all BeanPostProcessors (for example: not eligible for auto-proxying)
2022-04-16 11:10:49 [restartedMain] INFO  o.s.c.s.PostProcessorRegistrationDelegate$BeanPostProcessorChecker - Bean 'dataSourceHelper' of type [com.zynbbs.config.DataSourceHelper$$EnhancerBySpringCGLIB$$cc46c845] is not eligible for getting processed by all BeanPostProcessors (for example: not eligible for auto-proxying)
2022-04-16 11:10:49 [restartedMain] INFO  o.s.c.s.PostProcessorRegistrationDelegate$BeanPostProcessorChecker - Bean 'dataSourceConfig' of type [com.zynbbs.config.DataSourceConfig$$EnhancerBySpringCGLIB$$dc39ea59] is not eligible for getting processed by all BeanPostProcessors (for example: not eligible for auto-proxying)
2022-04-16 11:10:49 [restartedMain] INFO  c.z.h.HikariDataSource - HikariPool-1 - Starting...
2022-04-16 11:10:49 [restartedMain] INFO  c.z.h.HikariDataSource - HikariPool-1 - Start completed.
2022-04-16 11:10:49 [restartedMain] INFO  o.s.c.s.PostProcessorRegistrationDelegate$BeanPostProcessorChecker - Bean 'dataSource' of type [com.zaxxer.hikari.HikariDataSource] is not eligible for getting processed by all BeanPostProcessors (for example: not eligible for auto-proxying)
2022-04-16 11:10:49 [restartedMain] INFO  o.f.c.i.l.VersionPrinter - Flyway Community Edition 5.2.1 by Boxfuse
2022-04-16 11:10:49 [restartedMain] INFO  o.f.c.i.d.DatabaseFactory - Database: jdbc:mysql://localhost:3306/pybbs (MySQL 8.0)
2022-04-16 11:10:49 [restartedMain] INFO  o.f.c.i.c.DbValidate - Successfully validated 18 migrations (execution time 00:00.137s)
2022-04-16 11:10:49 [restartedMain] INFO  o.f.c.i.c.DbMigrate - Current version of schema `pybbs`: 1.17
2022-04-16 11:10:49 [restartedMain] INFO  o.f.c.i.c.DbMigrate - Schema `pybbs` is up to date. No migration necessary.
2022-04-16 11:10:49 [restartedMain] INFO  o.s.c.s.PostProcessorRegistrationDelegate$BeanPostProcessorChecker - Bean 'flywayConfig' of type [com.zynbbs.config.FlywayConfig$$EnhancerBySpringCGLIB$$5cb931b0] is not eligible for getting processed by all BeanPostProcessors (for example: not eligible for auto-proxying)
2022-04-16 11:10:49 [restartedMain] INFO  o.s.c.s.PostProcessorRegistrationDelegate$BeanPostProcessorChecker - Bean 'mybatisPlusConfig' of type [com.zynbbs.config.MybatisPlusConfig$$EnhancerBySpringCGLIB$$77964ec3] is not eligible for getting processed by all BeanPostProcessors (for example: not eligible for auto-proxying)
2022-04-16 11:10:49 [restartedMain] INFO  o.s.c.s.PostProcessorRegistrationDelegate$BeanPostProcessorChecker - Bean 'mybatisSqlSession' of type [org.apache.ibatis.session.defaults.DefaultSqlSessionFactory] is not eligible for getting processed by all BeanPostProcessors (for example: not eligible for auto-proxying)
2022-04-16 11:10:49 [restartedMain] INFO  o.s.c.s.PostProcessorRegistrationDelegate$BeanPostProcessorChecker - Bean 'mybatis-plus-com.baomidou.mybatisplus.autoconfigure.MybatisPlusProperties' of type [com.baomidou.mybatisplus.autoconfigure.MybatisPlusProperties] is not eligible for getting processed by all BeanPostProcessors (for example: not eligible for auto-proxying)
2022-04-16 11:10:49 [restartedMain] INFO  o.s.c.s.PostProcessorRegistrationDelegate$BeanPostProcessorChecker - Bean 'com.baomidou.mybatisplus.autoconfigure.MybatisPlusAutoConfiguration' of type [com.baomidou.mybatisplus.autoconfigure.MybatisPlusAutoConfiguration$$EnhancerBySpringCGLIB$$b1aae298] is not eligible for getting processed by all BeanPostProcessors (for example: not eligible for auto-proxying)
2022-04-16 11:10:49 [restartedMain] INFO  o.s.c.s.PostProcessorRegistrationDelegate$BeanPostProcessorChecker - Bean 'sqlSessionTemplate' of type [org.mybatis.spring.SqlSessionTemplate] is not eligible for getting processed by all BeanPostProcessors (for example: not eligible for auto-proxying)
2022-04-16 11:10:50 [restartedMain] INFO  o.s.c.s.PostProcessorRegistrationDelegate$BeanPostProcessorChecker - Bean 'adminUserMapper' of type [org.mybatis.spring.mapper.MapperFactoryBean] is not eligible for getting processed by all BeanPostProcessors (for example: not eligible for auto-proxying)
2022-04-16 11:10:50 [restartedMain] INFO  o.s.c.s.PostProcessorRegistrationDelegate$BeanPostProcessorChecker - Bean 'adminUserMapper' of type [com.sun.proxy.$Proxy73] is not eligible for getting processed by all BeanPostProcessors (for example: not eligible for auto-proxying)
2022-04-16 11:10:50 [restartedMain] INFO  o.s.c.s.PostProcessorRegistrationDelegate$BeanPostProcessorChecker - Bean 'adminUserService' of type [com.zynbbs.service.impl.AdminUserService] is not eligible for getting processed by all BeanPostProcessors (for example: not eligible for auto-proxying)
2022-04-16 11:10:50 [restartedMain] INFO  o.s.c.s.PostProcessorRegistrationDelegate$BeanPostProcessorChecker - Bean 'roleMapper' of type [org.mybatis.spring.mapper.MapperFactoryBean] is not eligible for getting processed by all BeanPostProcessors (for example: not eligible for auto-proxying)
2022-04-16 11:10:50 [restartedMain] INFO  o.s.c.s.PostProcessorRegistrationDelegate$BeanPostProcessorChecker - Bean 'roleMapper' of type [com.sun.proxy.$Proxy74] is not eligible for getting processed by all BeanPostProcessors (for example: not eligible for auto-proxying)
2022-04-16 11:10:50 [restartedMain] INFO  o.s.c.s.PostProcessorRegistrationDelegate$BeanPostProcessorChecker - Bean 'rolePermissionMapper' of type [org.mybatis.spring.mapper.MapperFactoryBean] is not eligible for getting processed by all BeanPostProcessors (for example: not eligible for auto-proxying)
2022-04-16 11:10:50 [restartedMain] INFO  o.s.c.s.PostProcessorRegistrationDelegate$BeanPostProcessorChecker - Bean 'rolePermissionMapper' of type [com.sun.proxy.$Proxy75] is not eligible for getting processed by all BeanPostProcessors (for example: not eligible for auto-proxying)
2022-04-16 11:10:50 [restartedMain] INFO  o.s.c.s.PostProcessorRegistrationDelegate$BeanPostProcessorChecker - Bean 'rolePermissionService' of type [com.zynbbs.service.impl.RolePermissionService] is not eligible for getting processed by all BeanPostProcessors (for example: not eligible for auto-proxying)
2022-04-16 11:10:50 [restartedMain] INFO  o.s.c.s.PostProcessorRegistrationDelegate$BeanPostProcessorChecker - Bean 'permissionMapper' of type [org.mybatis.spring.mapper.MapperFactoryBean] is not eligible for getting processed by all BeanPostProcessors (for example: not eligible for auto-proxying)
2022-04-16 11:10:50 [restartedMain] INFO  o.s.c.s.PostProcessorRegistrationDelegate$BeanPostProcessorChecker - Bean 'permissionMapper' of type [com.sun.proxy.$Proxy76] is not eligible for getting processed by all BeanPostProcessors (for example: not eligible for auto-proxying)
2022-04-16 11:10:50 [restartedMain] INFO  o.s.c.s.PostProcessorRegistrationDelegate$BeanPostProcessorChecker - Bean 'permissionService' of type [com.zynbbs.service.impl.PermissionService] is not eligible for getting processed by all BeanPostProcessors (for example: not eligible for auto-proxying)
2022-04-16 11:10:50 [restartedMain] INFO  o.s.c.s.PostProcessorRegistrationDelegate$BeanPostProcessorChecker - Bean 'roleService' of type [com.zynbbs.service.impl.RoleService] is not eligible for getting processed by all BeanPostProcessors (for example: not eligible for auto-proxying)
2022-04-16 11:10:50 [restartedMain] INFO  o.s.c.s.PostProcessorRegistrationDelegate$BeanPostProcessorChecker - Bean 'myShiroRealm' of type [com.zynbbs.config.realm.MyShiroRealm] is not eligible for getting processed by all BeanPostProcessors (for example: not eligible for auto-proxying)
2022-04-16 11:10:50 [restartedMain] INFO  o.s.c.s.PostProcessorRegistrationDelegate$BeanPostProcessorChecker - Bean 'systemConfigMapper' of type [org.mybatis.spring.mapper.MapperFactoryBean] is not eligible for getting processed by all BeanPostProcessors (for example: not eligible for auto-proxying)
2022-04-16 11:10:50 [restartedMain] INFO  o.s.c.s.PostProcessorRegistrationDelegate$BeanPostProcessorChecker - Bean 'systemConfigMapper' of type [com.sun.proxy.$Proxy78] is not eligible for getting processed by all BeanPostProcessors (for example: not eligible for auto-proxying)
2022-04-16 11:10:50 [restartedMain] INFO  o.s.c.s.PostProcessorRegistrationDelegate$BeanPostProcessorChecker - Bean 'systemConfigService' of type [com.zynbbs.service.impl.SystemConfigService] is not eligible for getting processed by all BeanPostProcessors (for example: not eligible for auto-proxying)
2022-04-16 11:10:50 [restartedMain] INFO  o.s.c.s.PostProcessorRegistrationDelegate$BeanPostProcessorChecker - Bean 'shiroConfig' of type [com.zynbbs.config.ShiroConfig$$EnhancerBySpringCGLIB$$86f664e7] is not eligible for getting processed by all BeanPostProcessors (for example: not eligible for auto-proxying)
2022-04-16 11:10:51 [restartedMain] INFO  o.s.c.s.PostProcessorRegistrationDelegate$BeanPostProcessorChecker - Bean 'myCredentialsMatcher' of type [com.zynbbs.config.realm.MyCredentialsMatcher] is not eligible for getting processed by all BeanPostProcessors (for example: not eligible for auto-proxying)
2022-04-16 11:10:51 [restartedMain] INFO  o.s.c.s.PostProcessorRegistrationDelegate$BeanPostProcessorChecker - Bean 'rememberMeCookie' of type [org.apache.shiro.web.servlet.SimpleCookie] is not eligible for getting processed by all BeanPostProcessors (for example: not eligible for auto-proxying)
2022-04-16 11:10:51 [restartedMain] INFO  o.s.c.s.PostProcessorRegistrationDelegate$BeanPostProcessorChecker - Bean 'rememberMeManager' of type [org.apache.shiro.web.mgt.CookieRememberMeManager] is not eligible for getting processed by all BeanPostProcessors (for example: not eligible for auto-proxying)
2022-04-16 11:10:51 [restartedMain] INFO  o.s.c.s.PostProcessorRegistrationDelegate$BeanPostProcessorChecker - Bean 'defaultWebSecurityManager' of type [org.apache.shiro.web.mgt.DefaultWebSecurityManager] is not eligible for getting processed by all BeanPostProcessors (for example: not eligible for auto-proxying)
2022-04-16 11:10:51 [restartedMain] INFO  c.z.c.ShiroConfig - 开始配置shiroFilter...
2022-04-16 11:10:51 [restartedMain] INFO  o.s.c.s.PostProcessorRegistrationDelegate$BeanPostProcessorChecker - Bean 'authorizationAttributeSourceAdvisor' of type [org.apache.shiro.spring.security.interceptor.AuthorizationAttributeSourceAdvisor] is not eligible for getting processed by all BeanPostProcessors (for example: not eligible for auto-proxying)
2022-04-16 11:10:51 [restartedMain] INFO  o.s.c.s.PostProcessorRegistrationDelegate$BeanPostProcessorChecker - Bean 'org.springframework.transaction.annotation.ProxyTransactionManagementConfiguration' of type [org.springframework.transaction.annotation.ProxyTransactionManagementConfiguration] is not eligible for getting processed by all BeanPostProcessors (for example: not eligible for auto-proxying)
2022-04-16 11:10:52 [restartedMain] INFO  io.undertow.servlet - Initializing Spring embedded WebApplicationContext
2022-04-16 11:10:52 [restartedMain] INFO  o.s.w.c.ContextLoader - Root WebApplicationContext: initialization completed in 6241 ms
2022-04-16 11:10:53 [restartedMain] INFO  o.s.w.s.v.f.FreeMarkerConfig - 开始配置freemarker全局变量...
2022-04-16 11:10:53 [restartedMain] INFO  o.s.w.s.v.f.FreeMarkerConfig - freemarker全局变量配置完成!
2022-04-16 11:10:53 [restartedMain] INFO  o.s.w.s.v.f.FreeMarkerConfig - 开始配置freemarker自定义标签...
2022-04-16 11:10:53 [restartedMain] INFO  o.s.w.s.v.f.FreeMarkerConfig - freemarker自定义标签配置完成!
2022-04-16 11:10:54 [restartedMain] INFO  o.s.b.d.a.OptionalLiveReloadServer - LiveReload server is running on port 35729
2022-04-16 11:10:54 [restartedMain] INFO  i.u.websockets.jsr - UT026003: Adding annotated server endpoint class com.zynbbs.config.websocket.MyWebSocket for path /websocket
2022-04-16 11:10:54 [restartedMain] INFO  io.undertow - starting server: Undertow - 2.0.28.Final
2022-04-16 11:10:54 [restartedMain] INFO  org.xnio - XNIO version 3.3.8.Final
2022-04-16 11:10:54 [restartedMain] INFO  org.xnio.nio - XNIO NIO Implementation Version 3.3.8.Final
2022-04-16 11:10:54 [restartedMain] INFO  o.s.b.w.e.u.UndertowServletWebServer - Undertow started on port(s) 8080 (http) with context path ''
2022-04-16 11:10:54 [restartedMain] INFO  c.z.ZynbbsApplication - Started ZynbbsApplication in 9.764 seconds (JVM running for 13.419)
2022-04-16 11:13:37 [XNIO-1 task-1] INFO  io.undertow.servlet - Initializing Spring DispatcherServlet 'dispatcherServlet'
2022-04-16 11:13:37 [XNIO-1 task-1] INFO  o.s.w.s.DispatcherServlet - Initializing Servlet 'dispatcherServlet'
2022-04-16 11:13:37 [XNIO-1 task-1] INFO  o.s.w.s.DispatcherServlet - Completed initialization in 47 ms
2022-04-16 11:13:38 [XNIO-1 task-1] INFO  c.z.i.CommonInterceptor - 0:0:0:0:0:0:0:1|/|excitation=839ms
2022-04-16 11:13:38 [XNIO-1 task-2] INFO  c.z.i.CommonInterceptor - 0:0:0:0:0:0:0:1|/static/bootstrap-4.3.1-dist/css/bootstrap.min.css|excitation=109ms
2022-04-16 11:13:38 [XNIO-1 task-5] INFO  c.z.i.CommonInterceptor - 0:0:0:0:0:0:0:1|/static/jquery.min.js|excitation=113ms
2022-04-16 11:13:38 [XNIO-1 task-7] INFO  c.z.i.CommonInterceptor - 0:0:0:0:0:0:0:1|/static/theme/default/libs/layer/layer.js|excitation=128ms
2022-04-16 11:13:38 [XNIO-1 task-3] INFO  c.z.i.CommonInterceptor - 0:0:0:0:0:0:0:1|/static/Font-Awesome-4.7.0/css/font-awesome.min.css|excitation=138ms
2022-04-16 11:13:38 [XNIO-1 task-8] INFO  c.z.i.CommonInterceptor - 0:0:0:0:0:0:0:1|/static/theme/default/js/app.js|excitation=42ms
2022-04-16 11:13:38 [XNIO-1 task-4] INFO  c.z.i.CommonInterceptor - 0:0:0:0:0:0:0:1|/static/theme/default/css/app.css|excitation=172ms
2022-04-16 11:13:38 [XNIO-1 task-6] INFO  c.z.i.CommonInterceptor - 0:0:0:0:0:0:0:1|/static/bootstrap-4.3.1-dist/js/bootstrap.bundle.min.js|excitation=174ms
2022-04-16 11:13:38 [XNIO-1 task-12] INFO  c.z.i.CommonInterceptor - 0:0:0:0:0:0:0:1|/static/upload/avatar/asd/avatar.jpeg|v=437307|excitation=41ms
2022-04-16 11:13:38 [XNIO-1 task-10] INFO  c.z.i.CommonInterceptor - 0:0:0:0:0:0:0:1|/static/upload/avatar/123/avatar.jpeg|v=357049|excitation=87ms
2022-04-16 11:13:38 [XNIO-1 task-11] INFO  c.z.i.CommonInterceptor - 0:0:0:0:0:0:0:1|/static/theme/default/libs/layer/theme/default/layer.css|v=3.1.1|excitation=90ms
2022-04-16 11:13:38 [XNIO-1 task-9] INFO  c.z.i.CommonInterceptor - 0:0:0:0:0:0:0:1|/static/upload/avatar/czx/avatar.jpeg|v=853759|excitation=127ms
2022-04-16 11:13:38 [XNIO-1 task-13] INFO  c.z.i.CommonInterceptor - 0:0:0:0:0:0:0:1|/static/Font-Awesome-4.7.0/fonts/fontawesome-webfont.woff2|v=4.7.0|excitation=5ms
2022-04-16 11:13:44 [XNIO-1 task-14] INFO  c.z.p.RedisService - redis配置信息不全或没有配置...
2022-04-16 11:13:44 [XNIO-1 task-14] INFO  c.z.p.RedisService - redis配置信息不全或没有配置...
2022-04-16 11:13:44 [XNIO-1 task-14] INFO  c.z.p.RedisService - redis配置信息不全或没有配置...
2022-04-16 11:13:44 [XNIO-1 task-14] INFO  c.z.p.RedisService - redis配置信息不全或没有配置...
2022-04-16 11:13:44 [XNIO-1 task-14] INFO  c.z.p.RedisService - redis配置信息不全或没有配置...
2022-04-16 11:13:44 [XNIO-1 task-14] INFO  c.z.p.RedisService - redis配置信息不全或没有配置...
2022-04-16 11:13:44 [XNIO-1 task-14] INFO  c.z.i.CommonInterceptor - 0:0:0:0:0:0:0:1|/user/czx|excitation=384ms
2022-04-16 11:13:49 [XNIO-1 task-15] INFO  c.z.i.CommonInterceptor - 0:0:0:0:0:0:0:1|/login|excitation=62ms
2022-04-16 11:13:50 [XNIO-1 task-16] INFO  c.z.i.CommonInterceptor - 0:0:0:0:0:0:0:1|/common/captcha|ver=1650078829512|excitation=926ms
2022-04-16 11:14:02 [XNIO-1 task-17] INFO  c.z.p.RedisService - redis配置信息不全或没有配置...
2022-04-16 11:14:02 [XNIO-1 task-17] INFO  c.z.p.RedisService - redis配置信息不全或没有配置...
2022-04-16 11:14:02 [XNIO-1 task-17] INFO  c.z.i.CommonInterceptor - 0:0:0:0:0:0:0:1|/api/login|excitation=230ms
2022-04-16 11:14:02 [XNIO-1 task-18] INFO  c.z.i.CommonInterceptor - 0:0:0:0:0:0:0:1|/static/theme/default/libs/layer/theme/default/icon.png|excitation=17ms
2022-04-16 11:14:03 [XNIO-1 task-19] INFO  c.z.i.CommonInterceptor - 0:0:0:0:0:0:0:1|/|excitation=43ms
2022-04-16 11:14:03 [XNIO-1 task-20] INFO  c.z.p.RedisService - redis配置信息不全或没有配置...
2022-04-16 11:14:03 [XNIO-1 task-20] INFO  c.z.p.RedisService - redis配置信息不全或没有配置...
2022-04-16 11:14:03 [XNIO-1 task-20] INFO  c.z.i.CommonInterceptor - 0:0:0:0:0:0:0:1|/api/notification/notRead|_=1650078843573|excitation=22ms
2022-04-16 11:14:07 [XNIO-1 task-21] INFO  c.z.i.CommonInterceptor - 0:0:0:0:0:0:0:1|/topic/create|excitation=45ms
2022-04-16 11:14:07 [XNIO-1 task-24] INFO  c.z.i.CommonInterceptor - 0:0:0:0:0:0:0:1|/static/codemirror/markdown/markdown.min.js|excitation=0ms
2022-04-16 11:14:07 [XNIO-1 task-24] INFO  c.z.i.CommonInterceptor - 0:0:0:0:0:0:0:1|/error|excitation=4ms
2022-04-16 11:14:07 [XNIO-1 task-22] INFO  c.z.i.CommonInterceptor - 0:0:0:0:0:0:0:1|/static/codemirror/codemirror.min.css|excitation=14ms
2022-04-16 11:14:07 [XNIO-1 task-25] INFO  c.z.i.CommonInterceptor - 0:0:0:0:0:0:0:1|/static/codemirror/placeholder.min.js|excitation=18ms
2022-04-16 11:14:07 [XNIO-1 task-23] INFO  c.z.i.CommonInterceptor - 0:0:0:0:0:0:0:1|/static/codemirror/codemirror.min.js|excitation=35ms
2022-04-16 11:14:07 [XNIO-1 task-26] INFO  c.z.p.RedisService - redis配置信息不全或没有配置...
2022-04-16 11:14:07 [XNIO-1 task-26] INFO  c.z.p.RedisService - redis配置信息不全或没有配置...
2022-04-16 11:14:07 [XNIO-1 task-26] INFO  c.z.i.CommonInterceptor - 0:0:0:0:0:0:0:1|/api/notification/notRead|_=1650078847135|excitation=14ms
2022-04-16 11:14:39 [XNIO-1 task-27] INFO  c.z.i.CommonInterceptor - 0:0:0:0:0:0:0:1|/|excitation=35ms
2022-04-16 11:14:39 [XNIO-1 task-28] INFO  c.z.p.RedisService - redis配置信息不全或没有配置...
2022-04-16 11:14:39 [XNIO-1 task-28] INFO  c.z.p.RedisService - redis配置信息不全或没有配置...
2022-04-16 11:14:39 [XNIO-1 task-28] INFO  c.z.i.CommonInterceptor - 0:0:0:0:0:0:0:1|/api/notification/notRead|_=1650078879121|excitation=17ms
2022-04-16 11:19:42 [XNIO-1 task-29] INFO  c.z.i.CommonInterceptor - 0:0:0:0:0:0:0:1|/topic/create|excitation=11ms
2022-04-16 11:19:42 [XNIO-1 task-30] INFO  c.z.i.CommonInterceptor - 0:0:0:0:0:0:0:1|/static/codemirror/markdown/markdown.min.js|excitation=0ms
2022-04-16 11:19:42 [XNIO-1 task-30] INFO  c.z.i.CommonInterceptor - 0:0:0:0:0:0:0:1|/error|excitation=1ms
2022-04-16 11:19:42 [XNIO-1 task-31] INFO  c.z.p.RedisService - redis配置信息不全或没有配置...
2022-04-16 11:19:42 [XNIO-1 task-31] INFO  c.z.p.RedisService - redis配置信息不全或没有配置...
2022-04-16 11:19:42 [XNIO-1 task-31] INFO  c.z.i.CommonInterceptor - 0:0:0:0:0:0:0:1|/api/notification/notRead|_=1650079182606|excitation=14ms
2022-04-16 11:25:38 [XNIO-1 task-32] INFO  c.z.i.CommonInterceptor - 0:0:0:0:0:0:0:1|/|excitation=34ms
2022-04-16 11:25:38 [XNIO-1 task-33] INFO  c.z.p.RedisService - redis配置信息不全或没有配置...
2022-04-16 11:25:38 [XNIO-1 task-33] INFO  c.z.p.RedisService - redis配置信息不全或没有配置...
2022-04-16 11:25:38 [XNIO-1 task-33] INFO  c.z.i.CommonInterceptor - 0:0:0:0:0:0:0:1|/api/notification/notRead|_=1650079538809|excitation=13ms
2022-04-16 11:29:10 [XNIO-1 task-34] INFO  c.z.p.RedisService - redis配置信息不全或没有配置...
2022-04-16 11:29:10 [XNIO-1 task-34] INFO  c.z.p.RedisService - redis配置信息不全或没有配置...
2022-04-16 11:29:10 [XNIO-1 task-34] INFO  c.z.i.CommonInterceptor - 0:0:0:0:0:0:0:1|/settings|excitation=79ms
2022-04-16 11:29:10 [XNIO-1 task-35] INFO  c.z.i.CommonInterceptor - 0:0:0:0:0:0:0:1|/static/jquery.qrcode.min.js|excitation=14ms
2022-04-16 11:29:10 [XNIO-1 task-36] INFO  c.z.p.RedisService - redis配置信息不全或没有配置...
2022-04-16 11:29:10 [XNIO-1 task-36] INFO  c.z.p.RedisService - redis配置信息不全或没有配置...
2022-04-16 11:29:10 [XNIO-1 task-36] INFO  c.z.i.CommonInterceptor - 0:0:0:0:0:0:0:1|/api/notification/notRead|_=1650079750389|excitation=11ms
2022-04-16 13:38:26 [SpringContextShutdownHook] INFO  c.z.h.HikariDataSource - HikariPool-1 - Shutdown initiated...
2022-04-16 13:38:26 [SpringContextShutdownHook] INFO  c.z.h.HikariDataSource - HikariPool-1 - Shutdown completed.
2022-04-16 13:38:26 [SpringContextShutdownHook] INFO  io.undertow.servlet - Destroying Spring FrameworkServlet 'dispatcherServlet'
2022-04-16 13:38:26 [SpringContextShutdownHook] INFO  io.undertow - stopping server: Undertow - 2.0.28.Final
2022-04-16 13:47:00 [restartedMain] INFO  c.z.ZynbbsApplication - Starting ZynbbsApplication on DESKTOP-J7RAUGS with PID 21268 (F:\ideaProject\target\classes started by dell in F:\ideaProject)
2022-04-16 13:47:00 [restartedMain] INFO  c.z.ZynbbsApplication - The following profiles are active: dev
2022-04-16 13:47:00 [restartedMain] INFO  o.s.b.d.r.ChangeableUrls - The Class-Path manifest attribute in E:\Maven\.m2\repository\com\sun\xml\bind\jaxb-impl\2.1\jaxb-impl-2.1.jar referenced one or more files that do not exist: file:/E:/Maven/.m2/repository/com/sun/xml/bind/jaxb-impl/2.1/jaxb-api.jar,file:/E:/Maven/.m2/repository/com/sun/xml/bind/jaxb-impl/2.1/activation.jar,file:/E:/Maven/.m2/repository/com/sun/xml/bind/jaxb-impl/2.1/jsr173_1.0_api.jar,file:/E:/Maven/.m2/repository/com/sun/xml/bind/jaxb-impl/2.1/jaxb1-impl.jar
2022-04-16 13:47:00 [restartedMain] INFO  o.s.b.d.e.DevToolsPropertyDefaultsPostProcessor - Devtools property defaults active! Set 'spring.devtools.add-properties' to 'false' to disable
2022-04-16 13:47:00 [restartedMain] INFO  o.s.b.d.e.DevToolsPropertyDefaultsPostProcessor - For additional web related logging consider setting the 'logging.level.web' property to 'DEBUG'
2022-04-16 13:47:02 [restartedMain] INFO  o.s.c.s.PostProcessorRegistrationDelegate$BeanPostProcessorChecker - Bean 'siteConfig' of type [com.zynbbs.config.SiteConfig$$EnhancerBySpringCGLIB$$2c7d388c] is not eligible for getting processed by all BeanPostProcessors (for example: not eligible for auto-proxying)
2022-04-16 13:47:02 [restartedMain] INFO  o.s.c.s.PostProcessorRegistrationDelegate$BeanPostProcessorChecker - Bean 'dataSourceHelper' of type [com.zynbbs.config.DataSourceHelper$$EnhancerBySpringCGLIB$$d2befb96] is not eligible for getting processed by all BeanPostProcessors (for example: not eligible for auto-proxying)
2022-04-16 13:47:02 [restartedMain] INFO  o.s.c.s.PostProcessorRegistrationDelegate$BeanPostProcessorChecker - Bean 'dataSourceConfig' of type [com.zynbbs.config.DataSourceConfig$$EnhancerBySpringCGLIB$$e2b21daa] is not eligible for getting processed by all BeanPostProcessors (for example: not eligible for auto-proxying)
2022-04-16 13:47:02 [restartedMain] INFO  c.z.h.HikariDataSource - HikariPool-1 - Starting...
2022-04-16 13:47:02 [restartedMain] INFO  c.z.h.HikariDataSource - HikariPool-1 - Start completed.
2022-04-16 13:47:02 [restartedMain] INFO  o.s.c.s.PostProcessorRegistrationDelegate$BeanPostProcessorChecker - Bean 'dataSource' of type [com.zaxxer.hikari.HikariDataSource] is not eligible for getting processed by all BeanPostProcessors (for example: not eligible for auto-proxying)
2022-04-16 13:47:02 [restartedMain] INFO  o.f.c.i.l.VersionPrinter - Flyway Community Edition 5.2.1 by Boxfuse
2022-04-16 13:47:02 [restartedMain] INFO  o.f.c.i.d.DatabaseFactory - Database: jdbc:mysql://localhost:3306/pybbs (MySQL 8.0)
2022-04-16 13:47:02 [restartedMain] INFO  o.f.c.i.c.DbValidate - Successfully validated 18 migrations (execution time 00:00.078s)
2022-04-16 13:47:02 [restartedMain] INFO  o.f.c.i.c.DbMigrate - Current version of schema `pybbs`: 1.17
2022-04-16 13:47:02 [restartedMain] INFO  o.f.c.i.c.DbMigrate - Schema `pybbs` is up to date. No migration necessary.
2022-04-16 13:47:02 [restartedMain] INFO  o.s.c.s.PostProcessorRegistrationDelegate$BeanPostProcessorChecker - Bean 'flywayConfig' of type [com.zynbbs.config.FlywayConfig$$EnhancerBySpringCGLIB$$63316501] is not eligible for getting processed by all BeanPostProcessors (for example: not eligible for auto-proxying)
2022-04-16 13:47:02 [restartedMain] INFO  o.s.c.s.PostProcessorRegistrationDelegate$BeanPostProcessorChecker - Bean 'mybatisPlusConfig' of type [com.zynbbs.config.MybatisPlusConfig$$EnhancerBySpringCGLIB$$7e0e8214] is not eligible for getting processed by all BeanPostProcessors (for example: not eligible for auto-proxying)
2022-04-16 13:47:02 [restartedMain] INFO  o.s.c.s.PostProcessorRegistrationDelegate$BeanPostProcessorChecker - Bean 'mybatisSqlSession' of type [org.apache.ibatis.session.defaults.DefaultSqlSessionFactory] is not eligible for getting processed by all BeanPostProcessors (for example: not eligible for auto-proxying)
2022-04-16 13:47:02 [restartedMain] INFO  o.s.c.s.PostProcessorRegistrationDelegate$BeanPostProcessorChecker - Bean 'mybatis-plus-com.baomidou.mybatisplus.autoconfigure.MybatisPlusProperties' of type [com.baomidou.mybatisplus.autoconfigure.MybatisPlusProperties] is not eligible for getting processed by all BeanPostProcessors (for example: not eligible for auto-proxying)
2022-04-16 13:47:02 [restartedMain] INFO  o.s.c.s.PostProcessorRegistrationDelegate$BeanPostProcessorChecker - Bean 'com.baomidou.mybatisplus.autoconfigure.MybatisPlusAutoConfiguration' of type [com.baomidou.mybatisplus.autoconfigure.MybatisPlusAutoConfiguration$$EnhancerBySpringCGLIB$$b82315e9] is not eligible for getting processed by all BeanPostProcessors (for example: not eligible for auto-proxying)
2022-04-16 13:47:02 [restartedMain] INFO  o.s.c.s.PostProcessorRegistrationDelegate$BeanPostProcessorChecker - Bean 'sqlSessionTemplate' of type [org.mybatis.spring.SqlSessionTemplate] is not eligible for getting processed by all BeanPostProcessors (for example: not eligible for auto-proxying)
2022-04-16 13:47:03 [restartedMain] INFO  o.s.c.s.PostProcessorRegistrationDelegate$BeanPostProcessorChecker - Bean 'adminUserMapper' of type [org.mybatis.spring.mapper.MapperFactoryBean] is not eligible for getting processed by all BeanPostProcessors (for example: not eligible for auto-proxying)
2022-04-16 13:47:03 [restartedMain] INFO  o.s.c.s.PostProcessorRegistrationDelegate$BeanPostProcessorChecker - Bean 'adminUserMapper' of type [com.sun.proxy.$Proxy73] is not eligible for getting processed by all BeanPostProcessors (for example: not eligible for auto-proxying)
2022-04-16 13:47:03 [restartedMain] INFO  o.s.c.s.PostProcessorRegistrationDelegate$BeanPostProcessorChecker - Bean 'adminUserService' of type [com.zynbbs.service.impl.AdminUserService] is not eligible for getting processed by all BeanPostProcessors (for example: not eligible for auto-proxying)
2022-04-16 13:47:03 [restartedMain] INFO  o.s.c.s.PostProcessorRegistrationDelegate$BeanPostProcessorChecker - Bean 'roleMapper' of type [org.mybatis.spring.mapper.MapperFactoryBean] is not eligible for getting processed by all BeanPostProcessors (for example: not eligible for auto-proxying)
2022-04-16 13:47:03 [restartedMain] INFO  o.s.c.s.PostProcessorRegistrationDelegate$BeanPostProcessorChecker - Bean 'roleMapper' of type [com.sun.proxy.$Proxy74] is not eligible for getting processed by all BeanPostProcessors (for example: not eligible for auto-proxying)
2022-04-16 13:47:03 [restartedMain] INFO  o.s.c.s.PostProcessorRegistrationDelegate$BeanPostProcessorChecker - Bean 'rolePermissionMapper' of type [org.mybatis.spring.mapper.MapperFactoryBean] is not eligible for getting processed by all BeanPostProcessors (for example: not eligible for auto-proxying)
2022-04-16 13:47:03 [restartedMain] INFO  o.s.c.s.PostProcessorRegistrationDelegate$BeanPostProcessorChecker - Bean 'rolePermissionMapper' of type [com.sun.proxy.$Proxy75] is not eligible for getting processed by all BeanPostProcessors (for example: not eligible for auto-proxying)
2022-04-16 13:47:03 [restartedMain] INFO  o.s.c.s.PostProcessorRegistrationDelegate$BeanPostProcessorChecker - Bean 'rolePermissionService' of type [com.zynbbs.service.impl.RolePermissionService] is not eligible for getting processed by all BeanPostProcessors (for example: not eligible for auto-proxying)
2022-04-16 13:47:03 [restartedMain] INFO  o.s.c.s.PostProcessorRegistrationDelegate$BeanPostProcessorChecker - Bean 'permissionMapper' of type [org.mybatis.spring.mapper.MapperFactoryBean] is not eligible for getting processed by all BeanPostProcessors (for example: not eligible for auto-proxying)
2022-04-16 13:47:03 [restartedMain] INFO  o.s.c.s.PostProcessorRegistrationDelegate$BeanPostProcessorChecker - Bean 'permissionMapper' of type [com.sun.proxy.$Proxy76] is not eligible for getting processed by all BeanPostProcessors (for example: not eligible for auto-proxying)
2022-04-16 13:47:03 [restartedMain] INFO  o.s.c.s.PostProcessorRegistrationDelegate$BeanPostProcessorChecker - Bean 'permissionService' of type [com.zynbbs.service.impl.PermissionService] is not eligible for getting processed by all BeanPostProcessors (for example: not eligible for auto-proxying)
2022-04-16 13:47:03 [restartedMain] INFO  o.s.c.s.PostProcessorRegistrationDelegate$BeanPostProcessorChecker - Bean 'roleService' of type [com.zynbbs.service.impl.RoleService] is not eligible for getting processed by all BeanPostProcessors (for example: not eligible for auto-proxying)
2022-04-16 13:47:03 [restartedMain] INFO  o.s.c.s.PostProcessorRegistrationDelegate$BeanPostProcessorChecker - Bean 'myShiroRealm' of type [com.zynbbs.config.realm.MyShiroRealm] is not eligible for getting processed by all BeanPostProcessors (for example: not eligible for auto-proxying)
2022-04-16 13:47:03 [restartedMain] INFO  o.s.c.s.PostProcessorRegistrationDelegate$BeanPostProcessorChecker - Bean 'systemConfigMapper' of type [org.mybatis.spring.mapper.MapperFactoryBean] is not eligible for getting processed by all BeanPostProcessors (for example: not eligible for auto-proxying)
2022-04-16 13:47:03 [restartedMain] INFO  o.s.c.s.PostProcessorRegistrationDelegate$BeanPostProcessorChecker - Bean 'systemConfigMapper' of type [com.sun.proxy.$Proxy78] is not eligible for getting processed by all BeanPostProcessors (for example: not eligible for auto-proxying)
2022-04-16 13:47:03 [restartedMain] INFO  o.s.c.s.PostProcessorRegistrationDelegate$BeanPostProcessorChecker - Bean 'systemConfigService' of type [com.zynbbs.service.impl.SystemConfigService] is not eligible for getting processed by all BeanPostProcessors (for example: not eligible for auto-proxying)
2022-04-16 13:47:03 [restartedMain] INFO  o.s.c.s.PostProcessorRegistrationDelegate$BeanPostProcessorChecker - Bean 'shiroConfig' of type [com.zynbbs.config.ShiroConfig$$EnhancerBySpringCGLIB$$8d6e9838] is not eligible for getting processed by all BeanPostProcessors (for example: not eligible for auto-proxying)
2022-04-16 13:47:04 [restartedMain] INFO  o.s.c.s.PostProcessorRegistrationDelegate$BeanPostProcessorChecker - Bean 'myCredentialsMatcher' of type [com.zynbbs.config.realm.MyCredentialsMatcher] is not eligible for getting processed by all BeanPostProcessors (for example: not eligible for auto-proxying)
2022-04-16 13:47:04 [restartedMain] INFO  o.s.c.s.PostProcessorRegistrationDelegate$BeanPostProcessorChecker - Bean 'rememberMeCookie' of type [org.apache.shiro.web.servlet.SimpleCookie] is not eligible for getting processed by all BeanPostProcessors (for example: not eligible for auto-proxying)
2022-04-16 13:47:04 [restartedMain] INFO  o.s.c.s.PostProcessorRegistrationDelegate$BeanPostProcessorChecker - Bean 'rememberMeManager' of type [org.apache.shiro.web.mgt.CookieRememberMeManager] is not eligible for getting processed by all BeanPostProcessors (for example: not eligible for auto-proxying)
2022-04-16 13:47:04 [restartedMain] INFO  o.s.c.s.PostProcessorRegistrationDelegate$BeanPostProcessorChecker - Bean 'defaultWebSecurityManager' of type [org.apache.shiro.web.mgt.DefaultWebSecurityManager] is not eligible for getting processed by all BeanPostProcessors (for example: not eligible for auto-proxying)
2022-04-16 13:47:04 [restartedMain] INFO  c.z.c.ShiroConfig - 开始配置shiroFilter...
2022-04-16 13:47:04 [restartedMain] INFO  o.s.c.s.PostProcessorRegistrationDelegate$BeanPostProcessorChecker - Bean 'authorizationAttributeSourceAdvisor' of type [org.apache.shiro.spring.security.interceptor.AuthorizationAttributeSourceAdvisor] is not eligible for getting processed by all BeanPostProcessors (for example: not eligible for auto-proxying)
2022-04-16 13:47:04 [restartedMain] INFO  o.s.c.s.PostProcessorRegistrationDelegate$BeanPostProcessorChecker - Bean 'org.springframework.transaction.annotation.ProxyTransactionManagementConfiguration' of type [org.springframework.transaction.annotation.ProxyTransactionManagementConfiguration] is not eligible for getting processed by all BeanPostProcessors (for example: not eligible for auto-proxying)
2022-04-16 13:47:04 [restartedMain] INFO  io.undertow.servlet - Initializing Spring embedded WebApplicationContext
2022-04-16 13:47:04 [restartedMain] INFO  o.s.w.c.ContextLoader - Root WebApplicationContext: initialization completed in 4816 ms
2022-04-16 13:47:05 [restartedMain] INFO  o.s.w.s.v.f.FreeMarkerConfig - 开始配置freemarker全局变量...
2022-04-16 13:47:05 [restartedMain] INFO  o.s.w.s.v.f.FreeMarkerConfig - freemarker全局变量配置完成!
2022-04-16 13:47:05 [restartedMain] INFO  o.s.w.s.v.f.FreeMarkerConfig - 开始配置freemarker自定义标签...
2022-04-16 13:47:05 [restartedMain] INFO  o.s.w.s.v.f.FreeMarkerConfig - freemarker自定义标签配置完成!
2022-04-16 13:47:06 [restartedMain] INFO  o.s.b.d.a.OptionalLiveReloadServer - LiveReload server is running on port 35729
2022-04-16 13:47:06 [restartedMain] INFO  i.u.websockets.jsr - UT026003: Adding annotated server endpoint class com.zynbbs.config.websocket.MyWebSocket for path /websocket
2022-04-16 13:47:06 [restartedMain] INFO  io.undertow - starting server: Undertow - 2.0.28.Final
2022-04-16 13:47:06 [restartedMain] INFO  org.xnio - XNIO version 3.3.8.Final
2022-04-16 13:47:06 [restartedMain] INFO  org.xnio.nio - XNIO NIO Implementation Version 3.3.8.Final
2022-04-16 13:47:06 [restartedMain] INFO  o.s.b.w.e.u.UndertowServletWebServer - Undertow started on port(s) 8080 (http) with context path ''
2022-04-16 13:47:06 [restartedMain] INFO  c.z.ZynbbsApplication - Started ZynbbsApplication in 7.779 seconds (JVM running for 10.914)
2022-04-16 13:47:11 [XNIO-1 task-1] INFO  io.undertow.servlet - Initializing Spring DispatcherServlet 'dispatcherServlet'
2022-04-16 13:47:11 [XNIO-1 task-1] INFO  o.s.w.s.DispatcherServlet - Initializing Servlet 'dispatcherServlet'
2022-04-16 13:47:11 [XNIO-1 task-1] INFO  o.s.w.s.DispatcherServlet - Completed initialization in 11 ms
2022-04-16 13:47:11 [XNIO-1 task-1] INFO  c.z.p.RedisService - redis配置信息不全或没有配置...
2022-04-16 13:47:11 [XNIO-1 task-1] INFO  c.z.p.RedisService - redis配置信息不全或没有配置...
2022-04-16 13:47:11 [XNIO-1 task-1] INFO  c.z.i.CommonInterceptor - 0:0:0:0:0:0:0:1|/|excitation=430ms
2022-04-16 13:47:11 [XNIO-1 task-2] INFO  c.z.p.RedisService - redis配置信息不全或没有配置...
2022-04-16 13:47:11 [XNIO-1 task-2] INFO  c.z.p.RedisService - redis配置信息不全或没有配置...
2022-04-16 13:47:11 [XNIO-1 task-2] INFO  c.z.i.CommonInterceptor - 0:0:0:0:0:0:0:1|/api/notification/notRead|_=1650088031837|excitation=33ms
2022-04-16 13:47:13 [XNIO-1 task-3] INFO  c.z.p.RedisService - redis配置信息不全或没有配置...
2022-04-16 13:47:13 [XNIO-1 task-3] INFO  c.z.p.RedisService - redis配置信息不全或没有配置...
2022-04-16 13:47:13 [XNIO-1 task-3] INFO  c.z.p.RedisService - redis配置信息不全或没有配置...
2022-04-16 13:47:13 [XNIO-1 task-3] INFO  c.z.p.RedisService - redis配置信息不全或没有配置...
2022-04-16 13:47:13 [XNIO-1 task-3] INFO  c.z.p.RedisService - redis配置信息不全或没有配置...
2022-04-16 13:47:13 [XNIO-1 task-3] INFO  c.z.p.RedisService - redis配置信息不全或没有配置...
2022-04-16 13:47:13 [XNIO-1 task-3] INFO  c.z.i.CommonInterceptor - 0:0:0:0:0:0:0:1|/user/czx|excitation=93ms
2022-04-16 13:47:13 [XNIO-1 task-4] INFO  c.z.p.RedisService - redis配置信息不全或没有配置...
2022-04-16 13:47:13 [XNIO-1 task-4] INFO  c.z.p.RedisService - redis配置信息不全或没有配置...
2022-04-16 13:47:13 [XNIO-1 task-4] INFO  c.z.i.CommonInterceptor - 0:0:0:0:0:0:0:1|/api/notification/notRead|_=1650088033437|excitation=13ms
2022-04-16 13:47:57 [XNIO-1 task-5] INFO  c.z.i.CommonInterceptor - 0:0:0:0:0:0:0:1|/|excitation=31ms
2022-04-16 13:47:57 [XNIO-1 task-6] INFO  c.z.p.RedisService - redis配置信息不全或没有配置...
2022-04-16 13:47:57 [XNIO-1 task-6] INFO  c.z.p.RedisService - redis配置信息不全或没有配置...
2022-04-16 13:47:57 [XNIO-1 task-6] INFO  c.z.i.CommonInterceptor - 0:0:0:0:0:0:0:1|/api/notification/notRead|_=1650088077130|excitation=12ms
2022-04-16 13:47:58 [XNIO-1 task-7] INFO  c.z.p.RedisService - redis配置信息不全或没有配置...
2022-04-16 13:47:58 [XNIO-1 task-7] INFO  c.z.p.RedisService - redis配置信息不全或没有配置...
2022-04-16 13:47:58 [XNIO-1 task-7] INFO  c.z.p.RedisService - redis配置信息不全或没有配置...
2022-04-16 13:47:58 [XNIO-1 task-7] INFO  c.z.p.RedisService - redis配置信息不全或没有配置...
2022-04-16 13:47:58 [XNIO-1 task-7] INFO  c.z.p.RedisService - redis配置信息不全或没有配置...
2022-04-16 13:47:58 [XNIO-1 task-7] INFO  c.z.p.RedisService - redis配置信息不全或没有配置...
2022-04-16 13:47:58 [XNIO-1 task-7] INFO  c.z.p.RedisService - redis配置信息不全或没有配置...
2022-04-16 13:47:58 [XNIO-1 task-7] INFO  c.z.i.CommonInterceptor - 0:0:0:0:0:0:0:1|/topic/11|excitation=640ms
2022-04-16 13:47:58 [XNIO-1 task-8] INFO  c.z.i.CommonInterceptor - 0:0:0:0:0:0:0:1|/static/highlight.js/styles/github.min.css|excitation=9ms
2022-04-16 13:47:58 [XNIO-1 task-9] INFO  c.z.i.CommonInterceptor - 0:0:0:0:0:0:0:1|/static/codemirror/markdown/markdown.min.js|excitation=5ms
2022-04-16 13:47:58 [XNIO-1 task-10] INFO  c.z.i.CommonInterceptor - 0:0:0:0:0:0:0:1|/static/highlight.js/highlight.min.js|excitation=4ms
2022-04-16 13:47:58 [XNIO-1 task-9] INFO  c.z.i.CommonInterceptor - 0:0:0:0:0:0:0:1|/error|excitation=7ms
2022-04-16 13:47:58 [XNIO-1 task-10] INFO  c.z.i.CommonInterceptor - 0:0:0:0:0:0:0:1|/error|excitation=7ms
2022-04-16 13:47:58 [XNIO-1 task-8] INFO  c.z.i.CommonInterceptor - 0:0:0:0:0:0:0:1|/error|excitation=7ms
2022-04-16 13:47:58 [XNIO-1 task-11] INFO  c.z.p.RedisService - redis配置信息不全或没有配置...
2022-04-16 13:47:58 [XNIO-1 task-11] INFO  c.z.p.RedisService - redis配置信息不全或没有配置...
2022-04-16 13:47:58 [XNIO-1 task-11] INFO  c.z.i.CommonInterceptor - 0:0:0:0:0:0:0:1|/api/notification/notRead|_=1650088078739|excitation=15ms
2022-04-16 14:05:00 [XNIO-1 task-12] INFO  c.z.p.RedisService - redis配置信息不全或没有配置...
2022-04-16 14:05:00 [XNIO-1 task-12] INFO  c.z.p.RedisService - redis配置信息不全或没有配置...
2022-04-16 14:05:00 [XNIO-1 task-12] INFO  c.z.p.RedisService - redis配置信息不全或没有配置...
2022-04-16 14:05:00 [XNIO-1 task-12] INFO  c.z.p.RedisService - redis配置信息不全或没有配置...
2022-04-16 14:05:00 [XNIO-1 task-12] INFO  c.z.p.RedisService - redis配置信息不全或没有配置...
2022-04-16 14:05:00 [XNIO-1 task-12] INFO  c.z.p.RedisService - redis配置信息不全或没有配置...
2022-04-16 14:05:00 [XNIO-1 task-12] INFO  c.z.p.RedisService - redis配置信息不全或没有配置...
2022-04-16 14:05:01 [XNIO-1 task-12] INFO  c.z.i.CommonInterceptor - 0:0:0:0:0:0:0:1|/topic/11|excitation=152ms
2022-04-16 14:05:01 [XNIO-1 task-13] INFO  c.z.i.CommonInterceptor - 0:0:0:0:0:0:0:1|/static/highlight.js/styles/github.min.css|excitation=2ms
2022-04-16 14:05:01 [XNIO-1 task-13] INFO  c.z.i.CommonInterceptor - 0:0:0:0:0:0:0:1|/error|excitation=1ms
2022-04-16 14:05:01 [XNIO-1 task-14] INFO  c.z.i.CommonInterceptor - 0:0:0:0:0:0:0:1|/static/codemirror/markdown/markdown.min.js|excitation=1ms
2022-04-16 14:05:01 [XNIO-1 task-15] INFO  c.z.i.CommonInterceptor - 0:0:0:0:0:0:0:1|/static/highlight.js/highlight.min.js|excitation=1ms
2022-04-16 14:05:01 [XNIO-1 task-15] INFO  c.z.i.CommonInterceptor - 0:0:0:0:0:0:0:1|/error|excitation=1ms
2022-04-16 14:05:01 [XNIO-1 task-14] INFO  c.z.i.CommonInterceptor - 0:0:0:0:0:0:0:1|/error|excitation=2ms
2022-04-16 14:05:01 [XNIO-1 task-16] INFO  c.z.p.RedisService - redis配置信息不全或没有配置...
2022-04-16 14:05:01 [XNIO-1 task-16] INFO  c.z.p.RedisService - redis配置信息不全或没有配置...
2022-04-16 14:05:01 [XNIO-1 task-16] INFO  c.z.i.CommonInterceptor - 0:0:0:0:0:0:0:1|/api/notification/notRead|_=1650089101095|excitation=19ms
2022-04-16 14:05:03 [XNIO-1 task-17] INFO  c.z.i.CommonInterceptor - 0:0:0:0:0:0:0:1|/|excitation=37ms
2022-04-16 14:05:03 [XNIO-1 task-18] INFO  c.z.p.RedisService - redis配置信息不全或没有配置...
2022-04-16 14:05:03 [XNIO-1 task-18] INFO  c.z.p.RedisService - redis配置信息不全或没有配置...
2022-04-16 14:05:03 [XNIO-1 task-18] INFO  c.z.i.CommonInterceptor - 0:0:0:0:0:0:0:1|/api/notification/notRead|_=1650089103049|excitation=13ms
2022-04-16 14:05:04 [XNIO-1 task-19] INFO  c.z.i.CommonInterceptor - 0:0:0:0:0:0:0:1|/topic/tag/%E5%A8%B1%E4%B9%90%E4%BA%A4%E5%8F%8B|excitation=53ms
2022-04-16 14:05:04 [XNIO-1 task-20] INFO  c.z.i.CommonInterceptor - 0:0:0:0:0:0:0:1|/static/bootstrap-3.3.7-dist/css/bootstrap.min.css|excitation=84ms
2022-04-16 14:05:04 [XNIO-1 task-21] INFO  c.z.i.CommonInterceptor - 0:0:0:0:0:0:0:1|/error|excitation=0ms
2022-04-16 14:05:05 [XNIO-1 task-22] INFO  c.z.p.RedisService - redis配置信息不全或没有配置...
2022-04-16 14:05:05 [XNIO-1 task-22] INFO  c.z.p.RedisService - redis配置信息不全或没有配置...
2022-04-16 14:05:05 [XNIO-1 task-22] INFO  c.z.i.CommonInterceptor - 0:0:0:0:0:0:0:1|/api/notification/notRead|_=1650089105528|excitation=12ms
2022-04-16 14:05:05 [XNIO-1 task-23] INFO  c.z.p.RedisService - redis配置信息不全或没有配置...
2022-04-16 14:05:05 [XNIO-1 task-23] INFO  c.z.p.RedisService - redis配置信息不全或没有配置...
2022-04-16 14:05:05 [XNIO-1 task-23] INFO  c.z.i.CommonInterceptor - 0:0:0:0:0:0:0:1|/api/notification/notRead|_=1650089105871|excitation=14ms
2022-04-16 14:05:07 [XNIO-1 task-24] INFO  c.z.i.CommonInterceptor - 0:0:0:0:0:0:0:1|/topic/tag/%E6%A0%A1%E5%9B%AD%E6%9C%8D%E5%8A%A1|excitation=7ms
2022-04-16 14:05:09 [XNIO-1 task-25] INFO  c.z.p.RedisService - redis配置信息不全或没有配置...
2022-04-16 14:05:09 [XNIO-1 task-25] INFO  c.z.p.RedisService - redis配置信息不全或没有配置...
2022-04-16 14:05:09 [XNIO-1 task-25] INFO  c.z.i.CommonInterceptor - 0:0:0:0:0:0:0:1|/api/notification/notRead|_=1650089108979|excitation=14ms
2022-04-16 14:05:12 [XNIO-1 task-26] INFO  c.z.i.CommonInterceptor - 0:0:0:0:0:0:0:1|/|excitation=31ms
2022-04-16 14:05:12 [XNIO-1 task-27] INFO  c.z.p.RedisService - redis配置信息不全或没有配置...
2022-04-16 14:05:12 [XNIO-1 task-27] INFO  c.z.p.RedisService - redis配置信息不全或没有配置...
2022-04-16 14:05:12 [XNIO-1 task-27] INFO  c.z.i.CommonInterceptor - 0:0:0:0:0:0:0:1|/api/notification/notRead|_=1650089112521|excitation=12ms
2022-04-16 14:05:15 [XNIO-1 task-28] INFO  c.z.p.RedisService - redis配置信息不全或没有配置...
2022-04-16 14:05:15 [XNIO-1 task-28] INFO  c.z.p.RedisService - redis配置信息不全或没有配置...
2022-04-16 14:05:15 [XNIO-1 task-28] INFO  c.z.p.RedisService - redis配置信息不全或没有配置...
2022-04-16 14:05:15 [XNIO-1 task-28] INFO  c.z.p.RedisService - redis配置信息不全或没有配置...
2022-04-16 14:05:15 [XNIO-1 task-28] INFO  c.z.p.RedisService - redis配置信息不全或没有配置...
2022-04-16 14:05:15 [XNIO-1 task-28] INFO  c.z.p.RedisService - redis配置信息不全或没有配置...
2022-04-16 14:05:15 [XNIO-1 task-28] INFO  c.z.p.RedisService - redis配置信息不全或没有配置...
2022-04-16 14:05:15 [XNIO-1 task-28] INFO  c.z.i.CommonInterceptor - 0:0:0:0:0:0:0:1|/topic/11|excitation=51ms
2022-04-16 14:05:15 [XNIO-1 task-29] INFO  c.z.i.CommonInterceptor - 0:0:0:0:0:0:0:1|/static/highlight.js/styles/github.min.css|excitation=1ms
2022-04-16 14:05:15 [XNIO-1 task-29] INFO  c.z.i.CommonInterceptor - 0:0:0:0:0:0:0:1|/error|excitation=1ms
2022-04-16 14:05:15 [XNIO-1 task-30] INFO  c.z.i.CommonInterceptor - 0:0:0:0:0:0:0:1|/static/codemirror/markdown/markdown.min.js|excitation=0ms
2022-04-16 14:05:15 [XNIO-1 task-30] INFO  c.z.i.CommonInterceptor - 0:0:0:0:0:0:0:1|/error|excitation=1ms
2022-04-16 14:05:15 [XNIO-1 task-31] INFO  c.z.i.CommonInterceptor - 0:0:0:0:0:0:0:1|/static/highlight.js/highlight.min.js|excitation=1ms
2022-04-16 14:05:15 [XNIO-1 task-31] INFO  c.z.i.CommonInterceptor - 0:0:0:0:0:0:0:1|/error|excitation=1ms
2022-04-16 14:05:15 [XNIO-1 task-32] INFO  c.z.p.RedisService - redis配置信息不全或没有配置...
2022-04-16 14:05:15 [XNIO-1 task-32] INFO  c.z.p.RedisService - redis配置信息不全或没有配置...
2022-04-16 14:05:15 [XNIO-1 task-32] INFO  c.z.i.CommonInterceptor - 0:0:0:0:0:0:0:1|/api/notification/notRead|_=1650089115756|excitation=14ms
2022-04-16 14:05:17 [XNIO-1 task-33] INFO  c.z.i.CommonInterceptor - 0:0:0:0:0:0:0:1|/|excitation=24ms
2022-04-16 14:05:17 [XNIO-1 task-34] INFO  c.z.p.RedisService - redis配置信息不全或没有配置...
2022-04-16 14:05:17 [XNIO-1 task-34] INFO  c.z.p.RedisService - redis配置信息不全或没有配置...
2022-04-16 14:05:17 [XNIO-1 task-34] INFO  c.z.i.CommonInterceptor - 0:0:0:0:0:0:0:1|/api/notification/notRead|_=1650089117159|excitation=13ms
2022-04-16 14:05:21 [XNIO-1 task-35] INFO  c.z.p.RedisService - redis配置信息不全或没有配置...
2022-04-16 14:05:21 [XNIO-1 task-35] INFO  c.z.p.RedisService - redis配置信息不全或没有配置...
2022-04-16 14:05:21 [XNIO-1 task-35] INFO  c.z.p.RedisService - redis配置信息不全或没有配置...
2022-04-16 14:05:21 [XNIO-1 task-35] INFO  c.z.p.RedisService - redis配置信息不全或没有配置...
2022-04-16 14:05:21 [XNIO-1 task-35] INFO  c.z.p.RedisService - redis配置信息不全或没有配置...
2022-04-16 14:05:21 [XNIO-1 task-35] INFO  c.z.p.RedisService - redis配置信息不全或没有配置...
2022-04-16 14:05:21 [XNIO-1 task-35] INFO  c.z.p.RedisService - redis配置信息不全或没有配置...
2022-04-16 14:05:21 [XNIO-1 task-35] INFO  c.z.i.CommonInterceptor - 0:0:0:0:0:0:0:1|/topic/2|excitation=64ms
2022-04-16 14:05:21 [XNIO-1 task-36] INFO  c.z.i.CommonInterceptor - 0:0:0:0:0:0:0:1|/static/highlight.js/styles/github.min.css|excitation=2ms
2022-04-16 14:05:21 [XNIO-1 task-37] INFO  c.z.i.CommonInterceptor - 0:0:0:0:0:0:0:1|/static/upload/topic/asd/e2c8c141-97fa-4098-b261-1c9b5358ec92.png|v=728395|excitation=1ms
2022-04-16 14:05:21 [XNIO-1 task-36] INFO  c.z.i.CommonInterceptor - 0:0:0:0:0:0:0:1|/error|excitation=0ms
2022-04-16 14:05:21 [XNIO-1 task-37] INFO  c.z.i.CommonInterceptor - 0:0:0:0:0:0:0:1|/error|v=728395|excitation=0ms
2022-04-16 14:05:21 [XNIO-1 task-38] INFO  c.z.i.CommonInterceptor - 0:0:0:0:0:0:0:1|/static/codemirror/markdown/markdown.min.js|excitation=0ms
2022-04-16 14:05:21 [XNIO-1 task-39] INFO  c.z.i.CommonInterceptor - 0:0:0:0:0:0:0:1|/static/highlight.js/highlight.min.js|excitation=0ms
2022-04-16 14:05:21 [XNIO-1 task-39] INFO  c.z.i.CommonInterceptor - 0:0:0:0:0:0:0:1|/error|excitation=1ms
2022-04-16 14:05:21 [XNIO-1 task-38] INFO  c.z.i.CommonInterceptor - 0:0:0:0:0:0:0:1|/error|excitation=1ms
2022-04-16 14:05:21 [XNIO-1 task-40] INFO  c.z.p.RedisService - redis配置信息不全或没有配置...
2022-04-16 14:05:21 [XNIO-1 task-40] INFO  c.z.p.RedisService - redis配置信息不全或没有配置...
2022-04-16 14:05:21 [XNIO-1 task-40] INFO  c.z.i.CommonInterceptor - 0:0:0:0:0:0:0:1|/api/notification/notRead|_=1650089121943|excitation=10ms
2022-04-16 14:05:22 [XNIO-1 task-41] INFO  c.z.i.CommonInterceptor - 0:0:0:0:0:0:0:1|/error|excitation=1ms
2022-04-16 14:05:23 [XNIO-1 task-42] INFO  c.z.i.CommonInterceptor - 0:0:0:0:0:0:0:1|/error|excitation=1ms
2022-04-16 14:05:24 [XNIO-1 task-43] INFO  c.z.i.CommonInterceptor - 0:0:0:0:0:0:0:1|/error|excitation=1ms
2022-04-16 14:05:24 [XNIO-1 task-44] INFO  c.z.i.CommonInterceptor - 0:0:0:0:0:0:0:1|/error|excitation=2ms
2022-04-16 14:05:24 [XNIO-1 task-45] INFO  c.z.i.CommonInterceptor - 0:0:0:0:0:0:0:1|/error|excitation=1ms
2022-04-16 14:05:24 [XNIO-1 task-46] INFO  c.z.i.CommonInterceptor - 0:0:0:0:0:0:0:1|/error|excitation=1ms
2022-04-16 14:05:24 [XNIO-1 task-47] INFO  c.z.i.CommonInterceptor - 0:0:0:0:0:0:0:1|/error|excitation=1ms
2022-04-16 14:05:24 [XNIO-1 task-48] INFO  c.z.i.CommonInterceptor - 0:0:0:0:0:0:0:1|/error|excitation=1ms
2022-04-16 14:05:25 [XNIO-1 task-49] INFO  c.z.i.CommonInterceptor - 0:0:0:0:0:0:0:1|/error|excitation=1ms
2022-04-16 14:05:25 [XNIO-1 task-50] INFO  c.z.i.CommonInterceptor - 0:0:0:0:0:0:0:1|/error|excitation=1ms
2022-04-16 14:05:26 [XNIO-1 task-51] INFO  c.z.i.CommonInterceptor - 0:0:0:0:0:0:0:1|/error|excitation=1ms
2022-04-16 14:05:26 [XNIO-1 task-52] INFO  c.z.i.CommonInterceptor - 0:0:0:0:0:0:0:1|/error|excitation=1ms
2022-04-16 14:05:26 [XNIO-1 task-53] INFO  c.z.i.CommonInterceptor - 0:0:0:0:0:0:0:1|/error|excitation=1ms
2022-04-16 14:05:27 [XNIO-1 task-54] INFO  c.z.i.CommonInterceptor - 0:0:0:0:0:0:0:1|/error|excitation=1ms
2022-04-16 14:05:27 [XNIO-1 task-55] INFO  c.z.i.CommonInterceptor - 0:0:0:0:0:0:0:1|/error|excitation=1ms
2022-04-16 14:22:56 [XNIO-1 task-57] INFO  c.z.i.CommonInterceptor - 0:0:0:0:0:0:0:1|/topic/tag/%E5%AD%A6%E6%9C%AF%E6%8E%A2%E8%AE%A8|excitation=20ms
2022-04-16 14:22:58 [XNIO-1 task-58] INFO  c.z.p.RedisService - redis配置信息不全或没有配置...
2022-04-16 14:22:58 [XNIO-1 task-58] INFO  c.z.p.RedisService - redis配置信息不全或没有配置...
2022-04-16 14:22:58 [XNIO-1 task-58] INFO  c.z.i.CommonInterceptor - 0:0:0:0:0:0:0:1|/api/notification/notRead|_=1650090178447|excitation=20ms
2022-04-16 14:28:38 [XNIO-1 task-59] INFO  c.z.i.CommonInterceptor - 0:0:0:0:0:0:0:1|/topic/tag/%E6%A0%A1%E5%9B%AD%E6%9C%8D%E5%8A%A1|excitation=11ms
2022-04-16 14:28:47 [XNIO-1 task-60] INFO  c.z.p.RedisService - redis配置信息不全或没有配置...
2022-04-16 14:28:47 [XNIO-1 task-60] INFO  c.z.p.RedisService - redis配置信息不全或没有配置...
2022-04-16 14:28:47 [XNIO-1 task-60] INFO  c.z.i.CommonInterceptor - 0:0:0:0:0:0:0:1|/api/notification/notRead|_=1650090527870|excitation=12ms
2022-04-16 14:28:54 [XNIO-1 task-61] INFO  c.z.i.CommonInterceptor - 0:0:0:0:0:0:0:1|/adminlogin|excitation=66ms
2022-04-16 14:28:54 [XNIO-1 task-62] INFO  c.z.i.CommonInterceptor - 0:0:0:0:0:0:0:1|/static/jquery-toast-plugin/jquery.toast.min.css|excitation=20ms
2022-04-16 14:28:54 [XNIO-1 task-64] INFO  c.z.i.CommonInterceptor - 0:0:0:0:0:0:0:1|/static/AdminLTE-2.4.8/css/skins/_all-skins.min.css|excitation=29ms
2022-04-16 14:28:54 [XNIO-1 task-63] INFO  c.z.i.CommonInterceptor - 0:0:0:0:0:0:0:1|/static/AdminLTE-2.4.8/css/AdminLTE.min.css|excitation=47ms
2022-04-16 14:28:54 [XNIO-1 task-2] INFO  c.z.i.CommonInterceptor - 0:0:0:0:0:0:0:1|/static/jquery-toast-plugin/jquery.toast.min.js|excitation=49ms
2022-04-16 14:28:54 [XNIO-1 task-3] INFO  c.z.i.CommonInterceptor - 0:0:0:0:0:0:0:1|/static/AdminLTE-2.4.8/js/adminlte.min.js|excitation=54ms
2022-04-16 14:28:54 [XNIO-1 task-1] INFO  c.z.i.CommonInterceptor - 0:0:0:0:0:0:0:1|/static/bootstrap-3.3.7-dist/js/bootstrap.min.js|excitation=67ms
2022-04-16 14:28:54 [XNIO-1 task-5] INFO  c.z.i.CommonInterceptor - 0:0:0:0:0:0:0:1|/static/bootstrap-3.3.7-dist/fonts/glyphicons-halflings-regular.woff2|excitation=26ms
2022-04-16 14:28:55 [XNIO-1 task-4] INFO  c.z.i.CommonInterceptor - 0:0:0:0:0:0:0:1|/common/captcha|excitation=686ms
2022-04-16 14:29:01 [XNIO-1 task-6] INFO  c.z.c.r.MyShiroRealm - 用户：admin 正在登录...
2022-04-16 14:29:02 [XNIO-1 task-6] INFO  c.z.i.CommonInterceptor - 0:0:0:0:0:0:0:1|/admin/login|password=123123|code=Gjgy|rememberMe=1|username=admin|excitation=440ms
2022-04-16 14:29:02 [XNIO-1 task-7] INFO  c.z.i.CommonInterceptor - 0:0:0:0:0:0:0:1|/admin/index|excitation=753ms
2022-04-16 14:29:02 [XNIO-1 task-11] INFO  c.z.i.CommonInterceptor - 0:0:0:0:0:0:0:1|/static/bootstrap-datepicker-1.8.0/locales/bootstrap-datepicker.zh-CN.min.js|excitation=1ms
2022-04-16 14:29:02 [XNIO-1 task-8] INFO  c.z.i.CommonInterceptor - 0:0:0:0:0:0:0:1|/static/bootstrap-datepicker-1.8.0/css/bootstrap-datepicker.min.css|excitation=1ms
2022-04-16 14:29:02 [XNIO-1 task-9] INFO  c.z.i.CommonInterceptor - 0:0:0:0:0:0:0:1|/static/ionicons-2.0.1/css/ionicons.min.css|excitation=16ms
2022-04-16 14:29:02 [XNIO-1 task-10] INFO  c.z.i.CommonInterceptor - 0:0:0:0:0:0:0:1|/static/bootstrap-datepicker-1.8.0/js/bootstrap-datepicker.min.js|excitation=25ms
2022-04-16 14:29:02 [XNIO-1 task-12] INFO  c.z.i.CommonInterceptor - 0:0:0:0:0:0:0:1|/static/admin/js/app.min.js|excitation=34ms
2022-04-16 14:29:02 [XNIO-1 task-13] INFO  c.z.i.CommonInterceptor - 0:0:0:0:0:0:0:1|/static/ionicons-2.0.1/fonts/ionicons.ttf|v=2.0.0|excitation=12ms
2022-04-16 14:29:05 [XNIO-1 task-15] INFO  c.z.i.CommonInterceptor - 0:0:0:0:0:0:0:1|/admin/tag/list|excitation=170ms
2022-04-16 14:29:14 [XNIO-1 task-14] INFO  c.z.i.CommonInterceptor - 0:0:0:0:0:0:0:1|/admin/tag/edit|id=1|excitation=56ms
2022-04-16 14:29:25 [XNIO-1 task-16] INFO  c.z.i.CommonInterceptor - 0:0:0:0:0:0:0:1|/admin/tag/list|excitation=38ms
2022-04-16 14:29:30 [XNIO-1 task-17] INFO  c.z.i.CommonInterceptor - 0:0:0:0:0:0:0:1|/admin/topic/list|excitation=191ms
2022-04-16 14:29:34 [XNIO-1 task-18] INFO  c.z.p.RedisService - redis配置信息不全或没有配置...
2022-04-16 14:29:34 [XNIO-1 task-18] INFO  c.z.p.RedisService - redis配置信息不全或没有配置...
2022-04-16 14:29:34 [XNIO-1 task-18] INFO  c.z.i.CommonInterceptor - 0:0:0:0:0:0:0:1|/admin/topic/edit|id=5|excitation=77ms
2022-04-16 14:29:34 [XNIO-1 task-21] INFO  c.z.i.CommonInterceptor - 0:0:0:0:0:0:0:1|/static/codemirrorcodemirror/placeholder.min.js|excitation=0ms
2022-04-16 14:29:34 [XNIO-1 task-20] INFO  c.z.i.CommonInterceptor - 0:0:0:0:0:0:0:1|/static/codemirror/markdown/markdown.min.js|excitation=0ms
2022-04-16 14:29:34 [XNIO-1 task-21] INFO  c.z.i.CommonInterceptor - 0:0:0:0:0:0:0:1|/error|excitation=1ms
2022-04-16 14:29:34 [XNIO-1 task-20] INFO  c.z.i.CommonInterceptor - 0:0:0:0:0:0:0:1|/error|excitation=1ms
2022-04-16 14:29:34 [XNIO-1 task-19] INFO  c.z.i.CommonInterceptor - 0:0:0:0:0:0:0:1|/static/theme/default/js/codemirror.js|excitation=30ms
2022-04-16 14:30:14 [XNIO-1 task-22] INFO  c.z.p.RedisService - redis配置信息不全或没有配置...
2022-04-16 14:30:14 [XNIO-1 task-22] INFO  c.z.p.RedisService - redis配置信息不全或没有配置...
2022-04-16 14:30:14 [XNIO-1 task-22] INFO  c.z.p.RedisService - redis配置信息不全或没有配置...
2022-04-16 14:30:14 [XNIO-1 task-22] INFO  c.z.i.CommonInterceptor - 0:0:0:0:0:0:0:1|/admin/topic/edit|id=5|title=1|content=程鑫磊小可爱
|tags=校园服务,娱乐交友,学术探讨,其他服务|excitation=105ms
2022-04-16 14:30:15 [XNIO-1 task-23] INFO  c.z.i.CommonInterceptor - 0:0:0:0:0:0:0:1|/admin/topic/list|excitation=118ms
2022-04-16 14:30:19 [XNIO-1 task-24] INFO  c.z.i.CommonInterceptor - 0:0:0:0:0:0:0:1|/admin/comment/list|excitation=68ms
2022-04-16 14:30:19 [XNIO-1 task-25] INFO  c.z.i.CommonInterceptor - 0:0:0:0:0:0:0:1|/admin/tag/list|excitation=48ms
2022-04-16 14:30:24 [XNIO-1 task-26] INFO  c.z.i.CommonInterceptor - 0:0:0:0:0:0:0:1|/|excitation=24ms
2022-04-16 14:30:24 [XNIO-1 task-27] INFO  c.z.p.RedisService - redis配置信息不全或没有配置...
2022-04-16 14:30:24 [XNIO-1 task-27] INFO  c.z.p.RedisService - redis配置信息不全或没有配置...
2022-04-16 14:30:24 [XNIO-1 task-27] INFO  c.z.i.CommonInterceptor - 0:0:0:0:0:0:0:1|/api/notification/notRead|_=1650090624205|excitation=14ms
2022-04-16 14:30:24 [XNIO-1 task-28] INFO  c.z.i.CommonInterceptor - 0:0:0:0:0:0:0:1|/topic/tag/%E6%A0%A1%E5%9B%AD%E6%9C%8D%E5%8A%A1|excitation=60ms
2022-04-16 14:30:24 [XNIO-1 task-29] INFO  c.z.i.CommonInterceptor - 0:0:0:0:0:0:0:1|/static/images/xiaoyuanfuwu.JPG|excitation=0ms
2022-04-16 14:30:24 [XNIO-1 task-29] INFO  c.z.i.CommonInterceptor - 0:0:0:0:0:0:0:1|/error|excitation=0ms
2022-04-16 14:30:24 [XNIO-1 task-30] INFO  c.z.p.RedisService - redis配置信息不全或没有配置...
2022-04-16 14:30:24 [XNIO-1 task-30] INFO  c.z.p.RedisService - redis配置信息不全或没有配置...
2022-04-16 14:30:24 [XNIO-1 task-30] INFO  c.z.i.CommonInterceptor - 0:0:0:0:0:0:0:1|/api/notification/notRead|_=1650090624775|excitation=8ms
2022-04-16 14:30:25 [XNIO-1 task-31] INFO  c.z.i.CommonInterceptor - 0:0:0:0:0:0:0:1|/topic/tag/%E5%A8%B1%E4%B9%90%E4%BA%A4%E5%8F%8B|excitation=10ms
2022-04-16 14:30:25 [XNIO-1 task-32] INFO  c.z.i.CommonInterceptor - 0:0:0:0:0:0:0:1|/static/images/yulejiaoyou.JPG|excitation=1ms
2022-04-16 14:30:25 [XNIO-1 task-32] INFO  c.z.i.CommonInterceptor - 0:0:0:0:0:0:0:1|/error|excitation=1ms
2022-04-16 14:30:25 [XNIO-1 task-33] INFO  c.z.p.RedisService - redis配置信息不全或没有配置...
2022-04-16 14:30:25 [XNIO-1 task-33] INFO  c.z.p.RedisService - redis配置信息不全或没有配置...
2022-04-16 14:30:25 [XNIO-1 task-33] INFO  c.z.i.CommonInterceptor - 0:0:0:0:0:0:0:1|/api/notification/notRead|_=1650090625518|excitation=8ms
2022-04-16 14:30:26 [XNIO-1 task-34] INFO  c.z.i.CommonInterceptor - 0:0:0:0:0:0:0:1|/topic/tag/%E5%AD%A6%E6%9C%AF%E6%8E%A2%E8%AE%A8|excitation=7ms
2022-04-16 14:30:26 [XNIO-1 task-35] INFO  c.z.p.RedisService - redis配置信息不全或没有配置...
2022-04-16 14:30:26 [XNIO-1 task-35] INFO  c.z.p.RedisService - redis配置信息不全或没有配置...
2022-04-16 14:30:26 [XNIO-1 task-35] INFO  c.z.i.CommonInterceptor - 0:0:0:0:0:0:0:1|/api/notification/notRead|_=1650090626170|excitation=7ms
2022-04-16 14:30:26 [XNIO-1 task-37] INFO  c.z.i.CommonInterceptor - 0:0:0:0:0:0:0:1|/static/images/xueshujiaoliu.JPG|excitation=0ms
2022-04-16 14:30:26 [XNIO-1 task-37] INFO  c.z.i.CommonInterceptor - 0:0:0:0:0:0:0:1|/error|excitation=0ms
2022-04-16 14:30:27 [XNIO-1 task-36] INFO  c.z.i.CommonInterceptor - 0:0:0:0:0:0:0:1|/topic/tag/%E5%85%B6%E4%BB%96%E6%9C%8D%E5%8A%A1|excitation=8ms
2022-04-16 14:30:27 [XNIO-1 task-39] INFO  c.z.p.RedisService - redis配置信息不全或没有配置...
2022-04-16 14:30:27 [XNIO-1 task-39] INFO  c.z.p.RedisService - redis配置信息不全或没有配置...
2022-04-16 14:30:27 [XNIO-1 task-39] INFO  c.z.i.CommonInterceptor - 0:0:0:0:0:0:0:1|/api/notification/notRead|_=1650090627723|excitation=7ms
2022-04-16 14:30:27 [XNIO-1 task-38] INFO  c.z.i.CommonInterceptor - 0:0:0:0:0:0:0:1|/static/images/qitafuwu.JPG|excitation=0ms
2022-04-16 14:30:27 [XNIO-1 task-38] INFO  c.z.i.CommonInterceptor - 0:0:0:0:0:0:0:1|/error|excitation=0ms
2022-04-16 14:30:29 [XNIO-1 task-40] INFO  c.z.i.CommonInterceptor - 0:0:0:0:0:0:0:1|/topic/tag/%E5%AD%A6%E6%9C%AF%E6%8E%A2%E8%AE%A8|excitation=17ms
2022-04-16 14:30:29 [XNIO-1 task-41] INFO  c.z.i.CommonInterceptor - 0:0:0:0:0:0:0:1|/static/images/xueshujiaoliu.JPG|excitation=0ms
2022-04-16 14:30:29 [XNIO-1 task-41] INFO  c.z.i.CommonInterceptor - 0:0:0:0:0:0:0:1|/error|excitation=0ms
2022-04-16 14:30:29 [XNIO-1 task-42] INFO  c.z.p.RedisService - redis配置信息不全或没有配置...
2022-04-16 14:30:29 [XNIO-1 task-42] INFO  c.z.p.RedisService - redis配置信息不全或没有配置...
2022-04-16 14:30:29 [XNIO-1 task-42] INFO  c.z.i.CommonInterceptor - 0:0:0:0:0:0:0:1|/api/notification/notRead|_=1650090629324|excitation=9ms
2022-04-16 14:30:30 [XNIO-1 task-43] INFO  c.z.i.CommonInterceptor - 0:0:0:0:0:0:0:1|/topic/tag/%E5%A8%B1%E4%B9%90%E4%BA%A4%E5%8F%8B|excitation=9ms
2022-04-16 14:30:30 [XNIO-1 task-44] INFO  c.z.p.RedisService - redis配置信息不全或没有配置...
2022-04-16 14:30:30 [XNIO-1 task-44] INFO  c.z.p.RedisService - redis配置信息不全或没有配置...
2022-04-16 14:30:30 [XNIO-1 task-44] INFO  c.z.i.CommonInterceptor - 0:0:0:0:0:0:0:1|/api/notification/notRead|_=1650090630261|excitation=8ms
2022-04-16 14:30:30 [XNIO-1 task-45] INFO  c.z.i.CommonInterceptor - 0:0:0:0:0:0:0:1|/static/images/yulejiaoyou.JPG|excitation=0ms
2022-04-16 14:30:30 [XNIO-1 task-45] INFO  c.z.i.CommonInterceptor - 0:0:0:0:0:0:0:1|/error|excitation=0ms
2022-04-16 14:30:30 [XNIO-1 task-46] INFO  c.z.i.CommonInterceptor - 0:0:0:0:0:0:0:1|/topic/tag/%E6%A0%A1%E5%9B%AD%E6%9C%8D%E5%8A%A1|excitation=9ms
2022-04-16 14:30:30 [XNIO-1 task-47] INFO  c.z.p.RedisService - redis配置信息不全或没有配置...
2022-04-16 14:30:30 [XNIO-1 task-47] INFO  c.z.p.RedisService - redis配置信息不全或没有配置...
2022-04-16 14:30:30 [XNIO-1 task-47] INFO  c.z.i.CommonInterceptor - 0:0:0:0:0:0:0:1|/api/notification/notRead|_=1650090630911|excitation=7ms
2022-04-16 14:30:30 [XNIO-1 task-48] INFO  c.z.i.CommonInterceptor - 0:0:0:0:0:0:0:1|/static/images/xiaoyuanfuwu.JPG|excitation=0ms
2022-04-16 14:30:30 [XNIO-1 task-48] INFO  c.z.i.CommonInterceptor - 0:0:0:0:0:0:0:1|/error|excitation=1ms
2022-04-16 14:30:31 [XNIO-1 task-49] INFO  c.z.i.CommonInterceptor - 0:0:0:0:0:0:0:1|/|excitation=23ms
2022-04-16 14:30:31 [XNIO-1 task-50] INFO  c.z.p.RedisService - redis配置信息不全或没有配置...
2022-04-16 14:30:31 [XNIO-1 task-50] INFO  c.z.p.RedisService - redis配置信息不全或没有配置...
2022-04-16 14:30:31 [XNIO-1 task-50] INFO  c.z.i.CommonInterceptor - 0:0:0:0:0:0:0:1|/api/notification/notRead|_=1650090631879|excitation=7ms
2022-04-16 14:30:34 [XNIO-1 task-51] INFO  c.z.i.CommonInterceptor - 0:0:0:0:0:0:0:1|/topic/tag/%E6%A0%A1%E5%9B%AD%E6%9C%8D%E5%8A%A1|excitation=7ms
2022-04-16 14:30:34 [XNIO-1 task-52] INFO  c.z.i.CommonInterceptor - 0:0:0:0:0:0:0:1|/static/images/xiaoyuanfuwu.JPG|excitation=1ms
2022-04-16 14:30:34 [XNIO-1 task-52] INFO  c.z.i.CommonInterceptor - 0:0:0:0:0:0:0:1|/error|excitation=1ms
2022-04-16 14:30:34 [XNIO-1 task-53] INFO  c.z.p.RedisService - redis配置信息不全或没有配置...
2022-04-16 14:30:34 [XNIO-1 task-53] INFO  c.z.p.RedisService - redis配置信息不全或没有配置...
2022-04-16 14:30:34 [XNIO-1 task-53] INFO  c.z.i.CommonInterceptor - 0:0:0:0:0:0:0:1|/api/notification/notRead|_=1650090634161|excitation=7ms
2022-04-16 14:30:34 [XNIO-1 task-54] INFO  c.z.i.CommonInterceptor - 0:0:0:0:0:0:0:1|/topic/tag/%E5%A8%B1%E4%B9%90%E4%BA%A4%E5%8F%8B|excitation=13ms
2022-04-16 14:30:34 [XNIO-1 task-55] INFO  c.z.p.RedisService - redis配置信息不全或没有配置...
2022-04-16 14:30:34 [XNIO-1 task-55] INFO  c.z.p.RedisService - redis配置信息不全或没有配置...
2022-04-16 14:30:34 [XNIO-1 task-55] INFO  c.z.i.CommonInterceptor - 0:0:0:0:0:0:0:1|/api/notification/notRead|_=1650090634661|excitation=7ms
2022-04-16 14:30:34 [XNIO-1 task-56] INFO  c.z.i.CommonInterceptor - 0:0:0:0:0:0:0:1|/static/images/yulejiaoyou.JPG|excitation=1ms
2022-04-16 14:30:34 [XNIO-1 task-56] INFO  c.z.i.CommonInterceptor - 0:0:0:0:0:0:0:1|/error|excitation=1ms
2022-04-16 14:30:35 [XNIO-1 task-57] INFO  c.z.i.CommonInterceptor - 0:0:0:0:0:0:0:1|/topic/tag/%E5%AD%A6%E6%9C%AF%E6%8E%A2%E8%AE%A8|excitation=9ms
2022-04-16 14:30:35 [XNIO-1 task-58] INFO  c.z.p.RedisService - redis配置信息不全或没有配置...
2022-04-16 14:30:35 [XNIO-1 task-58] INFO  c.z.p.RedisService - redis配置信息不全或没有配置...
2022-04-16 14:30:35 [XNIO-1 task-58] INFO  c.z.i.CommonInterceptor - 0:0:0:0:0:0:0:1|/api/notification/notRead|_=1650090635240|excitation=8ms
2022-04-16 14:30:35 [XNIO-1 task-59] INFO  c.z.i.CommonInterceptor - 0:0:0:0:0:0:0:1|/static/images/xueshujiaoliu.JPG|excitation=1ms
2022-04-16 14:30:35 [XNIO-1 task-59] INFO  c.z.i.CommonInterceptor - 0:0:0:0:0:0:0:1|/error|excitation=0ms
2022-04-16 14:30:35 [XNIO-1 task-60] INFO  c.z.i.CommonInterceptor - 0:0:0:0:0:0:0:1|/topic/tag/%E5%85%B6%E4%BB%96%E6%9C%8D%E5%8A%A1|excitation=5ms
2022-04-16 14:30:35 [XNIO-1 task-61] INFO  c.z.i.CommonInterceptor - 0:0:0:0:0:0:0:1|/static/images/qitafuwu.JPG|excitation=0ms
2022-04-16 14:30:35 [XNIO-1 task-61] INFO  c.z.i.CommonInterceptor - 0:0:0:0:0:0:0:1|/error|excitation=1ms
2022-04-16 14:30:35 [XNIO-1 task-62] INFO  c.z.p.RedisService - redis配置信息不全或没有配置...
2022-04-16 14:30:35 [XNIO-1 task-62] INFO  c.z.p.RedisService - redis配置信息不全或没有配置...
2022-04-16 14:30:35 [XNIO-1 task-62] INFO  c.z.i.CommonInterceptor - 0:0:0:0:0:0:0:1|/api/notification/notRead|_=1650090635790|excitation=7ms
2022-04-16 14:30:36 [XNIO-1 task-64] INFO  c.z.i.CommonInterceptor - 0:0:0:0:0:0:0:1|/topic/tag/%E5%AD%A6%E6%9C%AF%E6%8E%A2%E8%AE%A8|excitation=6ms
2022-04-16 14:30:36 [XNIO-1 task-63] INFO  c.z.p.RedisService - redis配置信息不全或没有配置...
2022-04-16 14:30:36 [XNIO-1 task-63] INFO  c.z.p.RedisService - redis配置信息不全或没有配置...
2022-04-16 14:30:36 [XNIO-1 task-63] INFO  c.z.i.CommonInterceptor - 0:0:0:0:0:0:0:1|/api/notification/notRead|_=1650090636781|excitation=7ms
2022-04-16 14:30:36 [XNIO-1 task-2] INFO  c.z.i.CommonInterceptor - 0:0:0:0:0:0:0:1|/static/images/xueshujiaoliu.JPG|excitation=0ms
2022-04-16 14:30:36 [XNIO-1 task-2] INFO  c.z.i.CommonInterceptor - 0:0:0:0:0:0:0:1|/error|excitation=0ms
2022-04-16 14:30:37 [XNIO-1 task-3] INFO  c.z.i.CommonInterceptor - 0:0:0:0:0:0:0:1|/topic/tag/%E5%A8%B1%E4%B9%90%E4%BA%A4%E5%8F%8B|excitation=10ms
2022-04-16 14:30:37 [XNIO-1 task-1] INFO  c.z.i.CommonInterceptor - 0:0:0:0:0:0:0:1|/static/images/yulejiaoyou.JPG|excitation=1ms
2022-04-16 14:30:37 [XNIO-1 task-1] INFO  c.z.i.CommonInterceptor - 0:0:0:0:0:0:0:1|/error|excitation=1ms
2022-04-16 14:30:37 [XNIO-1 task-5] INFO  c.z.p.RedisService - redis配置信息不全或没有配置...
2022-04-16 14:30:37 [XNIO-1 task-5] INFO  c.z.p.RedisService - redis配置信息不全或没有配置...
2022-04-16 14:30:37 [XNIO-1 task-5] INFO  c.z.i.CommonInterceptor - 0:0:0:0:0:0:0:1|/api/notification/notRead|_=1650090637143|excitation=8ms
2022-04-16 14:30:37 [XNIO-1 task-4] INFO  c.z.i.CommonInterceptor - 0:0:0:0:0:0:0:1|/topic/tag/%E6%A0%A1%E5%9B%AD%E6%9C%8D%E5%8A%A1|excitation=7ms
2022-04-16 14:30:37 [XNIO-1 task-6] INFO  c.z.p.RedisService - redis配置信息不全或没有配置...
2022-04-16 14:30:37 [XNIO-1 task-6] INFO  c.z.p.RedisService - redis配置信息不全或没有配置...
2022-04-16 14:30:37 [XNIO-1 task-6] INFO  c.z.i.CommonInterceptor - 0:0:0:0:0:0:0:1|/api/notification/notRead|_=1650090637480|excitation=9ms
2022-04-16 14:30:37 [XNIO-1 task-7] INFO  c.z.i.CommonInterceptor - 0:0:0:0:0:0:0:1|/static/images/xiaoyuanfuwu.JPG|excitation=1ms
2022-04-16 14:30:37 [XNIO-1 task-7] INFO  c.z.i.CommonInterceptor - 0:0:0:0:0:0:0:1|/error|excitation=1ms
2022-04-16 14:30:38 [XNIO-1 task-11] INFO  c.z.i.CommonInterceptor - 0:0:0:0:0:0:0:1|/|excitation=22ms
2022-04-16 14:30:38 [XNIO-1 task-8] INFO  c.z.p.RedisService - redis配置信息不全或没有配置...
2022-04-16 14:30:38 [XNIO-1 task-8] INFO  c.z.p.RedisService - redis配置信息不全或没有配置...
2022-04-16 14:30:38 [XNIO-1 task-8] INFO  c.z.i.CommonInterceptor - 0:0:0:0:0:0:0:1|/api/notification/notRead|_=1650090638144|excitation=9ms
2022-04-16 14:31:42 [XNIO-1 task-9] INFO  c.z.i.CommonInterceptor - 0:0:0:0:0:0:0:1|/|excitation=26ms
2022-04-16 14:31:42 [XNIO-1 task-10] INFO  c.z.p.RedisService - redis配置信息不全或没有配置...
2022-04-16 14:31:42 [XNIO-1 task-10] INFO  c.z.p.RedisService - redis配置信息不全或没有配置...
2022-04-16 14:31:42 [XNIO-1 task-10] INFO  c.z.i.CommonInterceptor - 0:0:0:0:0:0:0:1|/api/notification/notRead|_=1650090702070|excitation=8ms
2022-04-16 14:31:44 [XNIO-1 task-12] INFO  c.z.i.CommonInterceptor - 0:0:0:0:0:0:0:1|/topic/tag/%E6%A0%A1%E5%9B%AD%E6%9C%8D%E5%8A%A1|excitation=8ms
2022-04-16 14:31:44 [XNIO-1 task-13] INFO  c.z.i.CommonInterceptor - 0:0:0:0:0:0:0:1|/static/images/xiaoyuanfuwu.JPG|excitation=0ms
2022-04-16 14:31:44 [XNIO-1 task-13] INFO  c.z.i.CommonInterceptor - 0:0:0:0:0:0:0:1|/error|excitation=0ms
2022-04-16 14:31:44 [XNIO-1 task-15] INFO  c.z.p.RedisService - redis配置信息不全或没有配置...
2022-04-16 14:31:44 [XNIO-1 task-15] INFO  c.z.p.RedisService - redis配置信息不全或没有配置...
2022-04-16 14:31:44 [XNIO-1 task-15] INFO  c.z.i.CommonInterceptor - 0:0:0:0:0:0:0:1|/api/notification/notRead|_=1650090704618|excitation=8ms
2022-04-16 14:31:46 [XNIO-1 task-14] INFO  c.z.i.CommonInterceptor - 0:0:0:0:0:0:0:1|/topic/tag/%E6%A0%A1%E5%9B%AD%E6%9C%8D%E5%8A%A1|excitation=6ms
2022-04-16 14:31:46 [XNIO-1 task-16] INFO  c.z.i.CommonInterceptor - 0:0:0:0:0:0:0:1|/static/images/xiaoyuanfuwu.JPG|excitation=0ms
2022-04-16 14:31:46 [XNIO-1 task-16] INFO  c.z.i.CommonInterceptor - 0:0:0:0:0:0:0:1|/error|excitation=1ms
2022-04-16 14:31:46 [XNIO-1 task-17] INFO  c.z.p.RedisService - redis配置信息不全或没有配置...
2022-04-16 14:31:46 [XNIO-1 task-17] INFO  c.z.p.RedisService - redis配置信息不全或没有配置...
2022-04-16 14:31:46 [XNIO-1 task-17] INFO  c.z.i.CommonInterceptor - 0:0:0:0:0:0:0:1|/api/notification/notRead|_=1650090706902|excitation=8ms
2022-04-16 14:31:52 [XNIO-1 task-18] INFO  c.z.i.CommonInterceptor - 0:0:0:0:0:0:0:1|/topic/tag/%E5%A8%B1%E4%B9%90%E4%BA%A4%E5%8F%8B|excitation=11ms
2022-04-16 14:31:52 [XNIO-1 task-21] INFO  c.z.i.CommonInterceptor - 0:0:0:0:0:0:0:1|/static/images/yulejiaoyou.JPG|excitation=1ms
2022-04-16 14:31:52 [XNIO-1 task-21] INFO  c.z.i.CommonInterceptor - 0:0:0:0:0:0:0:1|/error|excitation=1ms
2022-04-16 14:31:52 [XNIO-1 task-20] INFO  c.z.p.RedisService - redis配置信息不全或没有配置...
2022-04-16 14:31:52 [XNIO-1 task-20] INFO  c.z.p.RedisService - redis配置信息不全或没有配置...
2022-04-16 14:31:52 [XNIO-1 task-20] INFO  c.z.i.CommonInterceptor - 0:0:0:0:0:0:0:1|/api/notification/notRead|_=1650090712554|excitation=7ms
2022-04-16 14:31:53 [XNIO-1 task-19] INFO  c.z.i.CommonInterceptor - 0:0:0:0:0:0:0:1|/topic/tag/%E5%AD%A6%E6%9C%AF%E6%8E%A2%E8%AE%A8|excitation=6ms
2022-04-16 14:31:53 [XNIO-1 task-22] INFO  c.z.p.RedisService - redis配置信息不全或没有配置...
2022-04-16 14:31:53 [XNIO-1 task-22] INFO  c.z.p.RedisService - redis配置信息不全或没有配置...
2022-04-16 14:31:53 [XNIO-1 task-22] INFO  c.z.i.CommonInterceptor - 0:0:0:0:0:0:0:1|/api/notification/notRead|_=1650090713048|excitation=7ms
2022-04-16 14:31:53 [XNIO-1 task-23] INFO  c.z.i.CommonInterceptor - 0:0:0:0:0:0:0:1|/static/images/xueshujiaoliu.JPG|excitation=1ms
2022-04-16 14:31:53 [XNIO-1 task-23] INFO  c.z.i.CommonInterceptor - 0:0:0:0:0:0:0:1|/error|excitation=1ms
2022-04-16 14:31:53 [XNIO-1 task-24] INFO  c.z.i.CommonInterceptor - 0:0:0:0:0:0:0:1|/topic/tag/%E5%85%B6%E4%BB%96%E6%9C%8D%E5%8A%A1|excitation=6ms
2022-04-16 14:31:53 [XNIO-1 task-25] INFO  c.z.i.CommonInterceptor - 0:0:0:0:0:0:0:1|/static/images/qitafuwu.JPG|excitation=0ms
2022-04-16 14:31:53 [XNIO-1 task-25] INFO  c.z.i.CommonInterceptor - 0:0:0:0:0:0:0:1|/error|excitation=0ms
2022-04-16 14:31:53 [XNIO-1 task-26] INFO  c.z.p.RedisService - redis配置信息不全或没有配置...
2022-04-16 14:31:53 [XNIO-1 task-26] INFO  c.z.p.RedisService - redis配置信息不全或没有配置...
2022-04-16 14:31:53 [XNIO-1 task-26] INFO  c.z.i.CommonInterceptor - 0:0:0:0:0:0:0:1|/api/notification/notRead|_=1650090713594|excitation=11ms
2022-04-16 14:32:01 [XNIO-1 task-27] INFO  c.z.i.CommonInterceptor - 0:0:0:0:0:0:0:1|/search|keyword=zxc|excitation=73ms
2022-04-16 14:32:01 [XNIO-1 task-28] INFO  c.z.p.RedisService - redis配置信息不全或没有配置...
2022-04-16 14:32:01 [XNIO-1 task-28] INFO  c.z.p.RedisService - redis配置信息不全或没有配置...
2022-04-16 14:32:01 [XNIO-1 task-28] INFO  c.z.i.CommonInterceptor - 0:0:0:0:0:0:0:1|/api/notification/notRead|_=1650090721833|excitation=7ms
2022-04-16 14:32:03 [XNIO-1 task-29] INFO  c.z.i.CommonInterceptor - 0:0:0:0:0:0:0:1|/|excitation=17ms
2022-04-16 14:32:04 [XNIO-1 task-30] INFO  c.z.p.RedisService - redis配置信息不全或没有配置...
2022-04-16 14:32:04 [XNIO-1 task-30] INFO  c.z.p.RedisService - redis配置信息不全或没有配置...
2022-04-16 14:32:04 [XNIO-1 task-30] INFO  c.z.i.CommonInterceptor - 0:0:0:0:0:0:0:1|/api/notification/notRead|_=1650090723996|excitation=7ms
2022-04-16 14:32:04 [XNIO-1 task-31] INFO  c.z.i.CommonInterceptor - 0:0:0:0:0:0:0:1|/|excitation=12ms
2022-04-16 14:32:04 [XNIO-1 task-32] INFO  c.z.p.RedisService - redis配置信息不全或没有配置...
2022-04-16 14:32:04 [XNIO-1 task-32] INFO  c.z.p.RedisService - redis配置信息不全或没有配置...
2022-04-16 14:32:04 [XNIO-1 task-32] INFO  c.z.i.CommonInterceptor - 0:0:0:0:0:0:0:1|/api/notification/notRead|_=1650090724734|excitation=9ms
2022-04-16 14:32:05 [XNIO-1 task-33] INFO  c.z.i.CommonInterceptor - 0:0:0:0:0:0:0:1|/topic/tag/%E6%A0%A1%E5%9B%AD%E6%9C%8D%E5%8A%A1|excitation=9ms
2022-04-16 14:32:05 [XNIO-1 task-34] INFO  c.z.p.RedisService - redis配置信息不全或没有配置...
2022-04-16 14:32:05 [XNIO-1 task-34] INFO  c.z.p.RedisService - redis配置信息不全或没有配置...
2022-04-16 14:32:05 [XNIO-1 task-34] INFO  c.z.i.CommonInterceptor - 0:0:0:0:0:0:0:1|/api/notification/notRead|_=1650090725853|excitation=7ms
2022-04-16 14:32:05 [XNIO-1 task-35] INFO  c.z.i.CommonInterceptor - 0:0:0:0:0:0:0:1|/static/images/xiaoyuanfuwu.JPG|excitation=0ms
2022-04-16 14:32:05 [XNIO-1 task-35] INFO  c.z.i.CommonInterceptor - 0:0:0:0:0:0:0:1|/error|excitation=1ms
2022-04-16 14:32:06 [XNIO-1 task-37] INFO  c.z.i.CommonInterceptor - 0:0:0:0:0:0:0:1|/topic/tag/%E5%A8%B1%E4%B9%90%E4%BA%A4%E5%8F%8B|excitation=7ms
2022-04-16 14:32:06 [XNIO-1 task-36] INFO  c.z.p.RedisService - redis配置信息不全或没有配置...
2022-04-16 14:32:06 [XNIO-1 task-36] INFO  c.z.p.RedisService - redis配置信息不全或没有配置...
2022-04-16 14:32:06 [XNIO-1 task-36] INFO  c.z.i.CommonInterceptor - 0:0:0:0:0:0:0:1|/api/notification/notRead|_=1650090726505|excitation=7ms
2022-04-16 14:32:06 [XNIO-1 task-39] INFO  c.z.i.CommonInterceptor - 0:0:0:0:0:0:0:1|/static/images/yulejiaoyou.JPG|excitation=0ms
2022-04-16 14:32:06 [XNIO-1 task-39] INFO  c.z.i.CommonInterceptor - 0:0:0:0:0:0:0:1|/error|excitation=0ms
2022-04-16 14:32:07 [XNIO-1 task-38] INFO  c.z.i.CommonInterceptor - 0:0:0:0:0:0:0:1|/topic/tag/%E5%AD%A6%E6%9C%AF%E6%8E%A2%E8%AE%A8|excitation=9ms
2022-04-16 14:32:07 [XNIO-1 task-40] INFO  c.z.p.RedisService - redis配置信息不全或没有配置...
2022-04-16 14:32:07 [XNIO-1 task-40] INFO  c.z.p.RedisService - redis配置信息不全或没有配置...
2022-04-16 14:32:07 [XNIO-1 task-40] INFO  c.z.i.CommonInterceptor - 0:0:0:0:0:0:0:1|/api/notification/notRead|_=1650090727020|excitation=7ms
2022-04-16 14:32:07 [XNIO-1 task-41] INFO  c.z.i.CommonInterceptor - 0:0:0:0:0:0:0:1|/static/images/xueshujiaoliu.JPG|excitation=0ms
2022-04-16 14:32:07 [XNIO-1 task-41] INFO  c.z.i.CommonInterceptor - 0:0:0:0:0:0:0:1|/error|excitation=0ms
2022-04-16 14:33:13 [XNIO-1 task-42] INFO  c.z.i.CommonInterceptor - 0:0:0:0:0:0:0:1|/topic/tag/%E6%A0%A1%E5%9B%AD%E6%9C%8D%E5%8A%A1|excitation=17ms
2022-04-16 14:33:13 [XNIO-1 task-43] INFO  c.z.p.RedisService - redis配置信息不全或没有配置...
2022-04-16 14:33:13 [XNIO-1 task-43] INFO  c.z.p.RedisService - redis配置信息不全或没有配置...
2022-04-16 14:33:13 [XNIO-1 task-43] INFO  c.z.i.CommonInterceptor - 0:0:0:0:0:0:0:1|/api/notification/notRead|_=1650090793437|excitation=7ms
2022-04-16 14:33:13 [XNIO-1 task-44] INFO  c.z.i.CommonInterceptor - 0:0:0:0:0:0:0:1|/static/images/xiaoyuanfuwu.JPG|excitation=0ms
2022-04-16 14:33:13 [XNIO-1 task-44] INFO  c.z.i.CommonInterceptor - 0:0:0:0:0:0:0:1|/error|excitation=1ms
2022-04-16 14:33:18 [XNIO-1 task-45] INFO  c.z.i.CommonInterceptor - 0:0:0:0:0:0:0:1|/topic/tag/%E6%A0%A1%E5%9B%AD%E6%9C%8D%E5%8A%A1|excitation=22ms
2022-04-16 14:33:18 [XNIO-1 task-46] INFO  c.z.i.CommonInterceptor - 0:0:0:0:0:0:0:1|/static/images/xiaoyuanfuwu.JPG|excitation=0ms
2022-04-16 14:33:18 [XNIO-1 task-46] INFO  c.z.i.CommonInterceptor - 0:0:0:0:0:0:0:1|/error|excitation=1ms
2022-04-16 14:33:18 [XNIO-1 task-47] INFO  c.z.p.RedisService - redis配置信息不全或没有配置...
2022-04-16 14:33:18 [XNIO-1 task-47] INFO  c.z.p.RedisService - redis配置信息不全或没有配置...
2022-04-16 14:33:18 [XNIO-1 task-47] INFO  c.z.i.CommonInterceptor - 0:0:0:0:0:0:0:1|/api/notification/notRead|_=1650090798541|excitation=10ms
2022-04-16 14:33:19 [XNIO-1 task-48] INFO  c.z.i.CommonInterceptor - 0:0:0:0:0:0:0:1|/topic/tag/%E6%A0%A1%E5%9B%AD%E6%9C%8D%E5%8A%A1|excitation=9ms
2022-04-16 14:33:19 [XNIO-1 task-49] INFO  c.z.p.RedisService - redis配置信息不全或没有配置...
2022-04-16 14:33:19 [XNIO-1 task-49] INFO  c.z.p.RedisService - redis配置信息不全或没有配置...
2022-04-16 14:33:19 [XNIO-1 task-49] INFO  c.z.i.CommonInterceptor - 0:0:0:0:0:0:0:1|/api/notification/notRead|_=1650090799898|excitation=10ms
2022-04-16 14:33:19 [XNIO-1 task-50] INFO  c.z.i.CommonInterceptor - 0:0:0:0:0:0:0:1|/static/images/xiaoyuanfuwu.JPG|excitation=1ms
2022-04-16 14:33:19 [XNIO-1 task-50] INFO  c.z.i.CommonInterceptor - 0:0:0:0:0:0:0:1|/error|excitation=1ms
2022-04-16 14:33:20 [XNIO-1 task-51] INFO  c.z.i.CommonInterceptor - 0:0:0:0:0:0:0:1|/topic/tag/%E5%A8%B1%E4%B9%90%E4%BA%A4%E5%8F%8B|excitation=6ms
2022-04-16 14:33:20 [XNIO-1 task-52] INFO  c.z.i.CommonInterceptor - 0:0:0:0:0:0:0:1|/static/images/yulejiaoyou.JPG|excitation=0ms
2022-04-16 14:33:20 [XNIO-1 task-52] INFO  c.z.i.CommonInterceptor - 0:0:0:0:0:0:0:1|/error|excitation=0ms
2022-04-16 14:33:20 [XNIO-1 task-53] INFO  c.z.p.RedisService - redis配置信息不全或没有配置...
2022-04-16 14:33:20 [XNIO-1 task-53] INFO  c.z.p.RedisService - redis配置信息不全或没有配置...
2022-04-16 14:33:20 [XNIO-1 task-53] INFO  c.z.i.CommonInterceptor - 0:0:0:0:0:0:0:1|/api/notification/notRead|_=1650090800384|excitation=7ms
2022-04-16 14:33:21 [XNIO-1 task-54] INFO  c.z.i.CommonInterceptor - 0:0:0:0:0:0:0:1|/|excitation=16ms
2022-04-16 14:33:21 [XNIO-1 task-55] INFO  c.z.p.RedisService - redis配置信息不全或没有配置...
2022-04-16 14:33:21 [XNIO-1 task-55] INFO  c.z.p.RedisService - redis配置信息不全或没有配置...
2022-04-16 14:33:21 [XNIO-1 task-55] INFO  c.z.i.CommonInterceptor - 0:0:0:0:0:0:0:1|/api/notification/notRead|_=1650090801186|excitation=6ms
2022-04-16 14:33:22 [XNIO-1 task-56] INFO  c.z.i.CommonInterceptor - 0:0:0:0:0:0:0:1|/|excitation=20ms
2022-04-16 14:33:22 [XNIO-1 task-57] INFO  c.z.p.RedisService - redis配置信息不全或没有配置...
2022-04-16 14:33:22 [XNIO-1 task-57] INFO  c.z.p.RedisService - redis配置信息不全或没有配置...
2022-04-16 14:33:22 [XNIO-1 task-57] INFO  c.z.i.CommonInterceptor - 0:0:0:0:0:0:0:1|/api/notification/notRead|_=1650090802152|excitation=8ms
2022-04-16 14:33:23 [XNIO-1 task-58] INFO  c.z.i.CommonInterceptor - 0:0:0:0:0:0:0:1|/|excitation=20ms
2022-04-16 14:33:23 [XNIO-1 task-59] INFO  c.z.p.RedisService - redis配置信息不全或没有配置...
2022-04-16 14:33:23 [XNIO-1 task-59] INFO  c.z.p.RedisService - redis配置信息不全或没有配置...
2022-04-16 14:33:23 [XNIO-1 task-59] INFO  c.z.i.CommonInterceptor - 0:0:0:0:0:0:0:1|/api/notification/notRead|_=1650090803065|excitation=7ms
2022-04-16 14:34:01 [XNIO-1 task-60] INFO  c.z.i.CommonInterceptor - 0:0:0:0:0:0:0:1|/|excitation=39ms
2022-04-16 14:34:02 [XNIO-1 task-61] INFO  c.z.p.RedisService - redis配置信息不全或没有配置...
2022-04-16 14:34:02 [XNIO-1 task-61] INFO  c.z.p.RedisService - redis配置信息不全或没有配置...
2022-04-16 14:34:02 [XNIO-1 task-61] INFO  c.z.i.CommonInterceptor - 0:0:0:0:0:0:0:1|/api/notification/notRead|_=1650090841985|excitation=10ms
2022-04-16 14:34:03 [XNIO-1 task-62] INFO  c.z.i.CommonInterceptor - 0:0:0:0:0:0:0:1|/|excitation=19ms
2022-04-16 14:34:03 [XNIO-1 task-64] INFO  c.z.p.RedisService - redis配置信息不全或没有配置...
2022-04-16 14:34:03 [XNIO-1 task-64] INFO  c.z.p.RedisService - redis配置信息不全或没有配置...
2022-04-16 14:34:03 [XNIO-1 task-64] INFO  c.z.i.CommonInterceptor - 0:0:0:0:0:0:0:1|/api/notification/notRead|_=1650090843609|excitation=8ms
2022-04-16 14:34:04 [XNIO-1 task-63] INFO  c.z.i.CommonInterceptor - 0:0:0:0:0:0:0:1|/topic/tag/%E6%A0%A1%E5%9B%AD%E6%9C%8D%E5%8A%A1|excitation=10ms
2022-04-16 14:34:04 [XNIO-1 task-2] INFO  c.z.p.RedisService - redis配置信息不全或没有配置...
2022-04-16 14:34:04 [XNIO-1 task-2] INFO  c.z.p.RedisService - redis配置信息不全或没有配置...
2022-04-16 14:34:04 [XNIO-1 task-2] INFO  c.z.i.CommonInterceptor - 0:0:0:0:0:0:0:1|/api/notification/notRead|_=1650090844543|excitation=11ms
2022-04-16 14:34:04 [XNIO-1 task-3] INFO  c.z.i.CommonInterceptor - 0:0:0:0:0:0:0:1|/static/images/xiaoyuanfuwu.JPG|excitation=1ms
2022-04-16 14:34:04 [XNIO-1 task-3] INFO  c.z.i.CommonInterceptor - 0:0:0:0:0:0:0:1|/error|excitation=0ms
2022-04-16 14:34:05 [XNIO-1 task-1] INFO  c.z.i.CommonInterceptor - 0:0:0:0:0:0:0:1|/|excitation=17ms
2022-04-16 14:34:05 [XNIO-1 task-5] INFO  c.z.p.RedisService - redis配置信息不全或没有配置...
2022-04-16 14:34:05 [XNIO-1 task-5] INFO  c.z.p.RedisService - redis配置信息不全或没有配置...
2022-04-16 14:34:05 [XNIO-1 task-5] INFO  c.z.i.CommonInterceptor - 0:0:0:0:0:0:0:1|/api/notification/notRead|_=1650090845177|excitation=8ms
2022-04-16 14:34:07 [XNIO-1 task-4] INFO  c.z.i.CommonInterceptor - 0:0:0:0:0:0:0:1|/topic/tag/%E6%A0%A1%E5%9B%AD%E6%9C%8D%E5%8A%A1|excitation=10ms
2022-04-16 14:34:07 [XNIO-1 task-6] INFO  c.z.p.RedisService - redis配置信息不全或没有配置...
2022-04-16 14:34:07 [XNIO-1 task-6] INFO  c.z.p.RedisService - redis配置信息不全或没有配置...
2022-04-16 14:34:07 [XNIO-1 task-6] INFO  c.z.i.CommonInterceptor - 0:0:0:0:0:0:0:1|/api/notification/notRead|_=1650090847404|excitation=8ms
2022-04-16 14:34:07 [XNIO-1 task-7] INFO  c.z.i.CommonInterceptor - 0:0:0:0:0:0:0:1|/static/images/xiaoyuanfuwu.JPG|excitation=0ms
2022-04-16 14:34:07 [XNIO-1 task-7] INFO  c.z.i.CommonInterceptor - 0:0:0:0:0:0:0:1|/error|excitation=1ms
2022-04-16 14:34:08 [XNIO-1 task-11] INFO  c.z.i.CommonInterceptor - 0:0:0:0:0:0:0:1|/topic/tag/%E5%A8%B1%E4%B9%90%E4%BA%A4%E5%8F%8B|excitation=8ms
2022-04-16 14:34:08 [XNIO-1 task-8] INFO  c.z.p.RedisService - redis配置信息不全或没有配置...
2022-04-16 14:34:08 [XNIO-1 task-8] INFO  c.z.p.RedisService - redis配置信息不全或没有配置...
2022-04-16 14:34:08 [XNIO-1 task-8] INFO  c.z.i.CommonInterceptor - 0:0:0:0:0:0:0:1|/api/notification/notRead|_=1650090848059|excitation=8ms
2022-04-16 14:34:08 [XNIO-1 task-9] INFO  c.z.i.CommonInterceptor - 0:0:0:0:0:0:0:1|/static/images/yulejiaoyou.JPG|excitation=0ms
2022-04-16 14:34:08 [XNIO-1 task-9] INFO  c.z.i.CommonInterceptor - 0:0:0:0:0:0:0:1|/error|excitation=0ms
2022-04-16 14:34:08 [XNIO-1 task-10] INFO  c.z.i.CommonInterceptor - 0:0:0:0:0:0:0:1|/topic/tag/%E5%AD%A6%E6%9C%AF%E6%8E%A2%E8%AE%A8|excitation=6ms
2022-04-16 14:34:08 [XNIO-1 task-12] INFO  c.z.i.CommonInterceptor - 0:0:0:0:0:0:0:1|/static/images/xueshujiaoliu.JPG|excitation=1ms
2022-04-16 14:34:08 [XNIO-1 task-12] INFO  c.z.i.CommonInterceptor - 0:0:0:0:0:0:0:1|/error|excitation=1ms
2022-04-16 14:34:08 [XNIO-1 task-13] INFO  c.z.p.RedisService - redis配置信息不全或没有配置...
2022-04-16 14:34:08 [XNIO-1 task-13] INFO  c.z.p.RedisService - redis配置信息不全或没有配置...
2022-04-16 14:34:08 [XNIO-1 task-13] INFO  c.z.i.CommonInterceptor - 0:0:0:0:0:0:0:1|/api/notification/notRead|_=1650090848684|excitation=9ms
2022-04-16 14:34:10 [XNIO-1 task-15] INFO  c.z.i.CommonInterceptor - 0:0:0:0:0:0:0:1|/topic/create|tag=学术探讨|excitation=68ms
2022-04-16 14:34:10 [XNIO-1 task-14] INFO  c.z.i.CommonInterceptor - 0:0:0:0:0:0:0:1|/static/codemirror/markdown/markdown.min.js|excitation=0ms
2022-04-16 14:34:10 [XNIO-1 task-14] INFO  c.z.i.CommonInterceptor - 0:0:0:0:0:0:0:1|/error|excitation=1ms
2022-04-16 14:34:10 [XNIO-1 task-16] INFO  c.z.p.RedisService - redis配置信息不全或没有配置...
2022-04-16 14:34:10 [XNIO-1 task-16] INFO  c.z.p.RedisService - redis配置信息不全或没有配置...
2022-04-16 14:34:10 [XNIO-1 task-16] INFO  c.z.i.CommonInterceptor - 0:0:0:0:0:0:0:1|/api/notification/notRead|_=1650090850366|excitation=9ms
2022-04-16 14:34:30 [XNIO-1 task-17] INFO  c.z.p.RedisService - redis配置信息不全或没有配置...
2022-04-16 14:34:30 [XNIO-1 task-17] INFO  c.z.p.RedisService - redis配置信息不全或没有配置...
2022-04-16 14:34:30 [XNIO-1 task-17] INFO  c.z.p.FileUploadPlugin - fileUtilHook.upload: LOCAL
2022-04-16 14:34:30 [XNIO-1 task-17] INFO  c.z.i.CommonInterceptor - 0:0:0:0:0:0:0:1|/api/upload|file=|type=topic|excitation=75ms
2022-04-16 14:34:32 [XNIO-1 task-21] INFO  c.z.p.RedisService - redis配置信息不全或没有配置...
2022-04-16 14:34:32 [XNIO-1 task-21] INFO  c.z.p.RedisService - redis配置信息不全或没有配置...
2022-04-16 14:34:32 [XNIO-1 task-21] INFO  c.z.p.RedisService - redis配置信息不全或没有配置...
2022-04-16 14:34:32 [XNIO-1 task-21] INFO  c.z.p.RedisService - redis配置信息不全或没有配置...
2022-04-16 14:34:32 [XNIO-1 task-21] INFO  c.z.p.RedisService - redis配置信息不全或没有配置...
2022-04-16 14:34:32 [XNIO-1 task-21] INFO  c.z.i.CommonInterceptor - 0:0:0:0:0:0:0:1|/api/topic|excitation=169ms
2022-04-16 14:34:33 [XNIO-1 task-20] INFO  c.z.p.RedisService - redis配置信息不全或没有配置...
2022-04-16 14:34:33 [XNIO-1 task-20] INFO  c.z.p.RedisService - redis配置信息不全或没有配置...
2022-04-16 14:34:33 [XNIO-1 task-20] INFO  c.z.p.RedisService - redis配置信息不全或没有配置...
2022-04-16 14:34:33 [XNIO-1 task-20] INFO  c.z.p.RedisService - redis配置信息不全或没有配置...
2022-04-16 14:34:33 [XNIO-1 task-20] INFO  c.z.p.RedisService - redis配置信息不全或没有配置...
2022-04-16 14:34:33 [XNIO-1 task-20] INFO  c.z.p.RedisService - redis配置信息不全或没有配置...
2022-04-16 14:34:33 [XNIO-1 task-20] INFO  c.z.p.RedisService - redis配置信息不全或没有配置...
2022-04-16 14:34:33 [XNIO-1 task-20] INFO  c.z.i.CommonInterceptor - 0:0:0:0:0:0:0:1|/topic/12|excitation=64ms
2022-04-16 14:34:33 [XNIO-1 task-19] INFO  c.z.i.CommonInterceptor - 0:0:0:0:0:0:0:1|/static/highlight.js/styles/github.min.css|excitation=0ms
2022-04-16 14:34:33 [XNIO-1 task-19] INFO  c.z.i.CommonInterceptor - 0:0:0:0:0:0:0:1|/error|excitation=0ms
2022-04-16 14:34:33 [XNIO-1 task-22] INFO  c.z.i.CommonInterceptor - 0:0:0:0:0:0:0:1|/static/codemirror/markdown/markdown.min.js|excitation=0ms
2022-04-16 14:34:33 [XNIO-1 task-23] INFO  c.z.i.CommonInterceptor - 0:0:0:0:0:0:0:1|/static/highlight.js/highlight.min.js|excitation=0ms
2022-04-16 14:34:33 [XNIO-1 task-22] INFO  c.z.i.CommonInterceptor - 0:0:0:0:0:0:0:1|/error|excitation=1ms
2022-04-16 14:34:33 [XNIO-1 task-23] INFO  c.z.i.CommonInterceptor - 0:0:0:0:0:0:0:1|/error|excitation=0ms
2022-04-16 14:34:33 [XNIO-1 task-24] INFO  c.z.i.CommonInterceptor - 0:0:0:0:0:0:0:1|/static/upload/topic/123/4ec0e76a-932e-475f-9f69-a8e0945ea19b.jpeg|v=350784|excitation=2ms
2022-04-16 14:34:33 [XNIO-1 task-25] INFO  c.z.p.RedisService - redis配置信息不全或没有配置...
2022-04-16 14:34:33 [XNIO-1 task-25] INFO  c.z.p.RedisService - redis配置信息不全或没有配置...
2022-04-16 14:34:33 [XNIO-1 task-25] INFO  c.z.i.CommonInterceptor - 0:0:0:0:0:0:0:1|/api/notification/notRead|_=1650090873187|excitation=8ms
2022-04-16 14:34:39 [XNIO-1 task-26] INFO  c.z.i.CommonInterceptor - 0:0:0:0:0:0:0:1|/topic/tag/%E5%85%B6%E4%BB%96%E6%9C%8D%E5%8A%A1|excitation=13ms
2022-04-16 14:34:39 [XNIO-1 task-27] INFO  c.z.p.RedisService - redis配置信息不全或没有配置...
2022-04-16 14:34:39 [XNIO-1 task-27] INFO  c.z.p.RedisService - redis配置信息不全或没有配置...
2022-04-16 14:34:39 [XNIO-1 task-27] INFO  c.z.i.CommonInterceptor - 0:0:0:0:0:0:0:1|/api/notification/notRead|_=1650090879861|excitation=8ms
2022-04-16 14:34:39 [XNIO-1 task-28] INFO  c.z.i.CommonInterceptor - 0:0:0:0:0:0:0:1|/static/images/qitafuwu.JPG|excitation=0ms
2022-04-16 14:34:39 [XNIO-1 task-28] INFO  c.z.i.CommonInterceptor - 0:0:0:0:0:0:0:1|/error|excitation=1ms
2022-04-16 14:34:41 [XNIO-1 task-29] INFO  c.z.i.CommonInterceptor - 0:0:0:0:0:0:0:1|/|excitation=23ms
2022-04-16 14:34:41 [XNIO-1 task-30] INFO  c.z.p.RedisService - redis配置信息不全或没有配置...
2022-04-16 14:34:41 [XNIO-1 task-30] INFO  c.z.p.RedisService - redis配置信息不全或没有配置...
2022-04-16 14:34:41 [XNIO-1 task-30] INFO  c.z.i.CommonInterceptor - 0:0:0:0:0:0:0:1|/api/notification/notRead|_=1650090881497|excitation=10ms
2022-04-16 14:34:43 [XNIO-1 task-31] INFO  c.z.i.CommonInterceptor - 0:0:0:0:0:0:0:1|/topic/tag/%E6%A0%A1%E5%9B%AD%E6%9C%8D%E5%8A%A1|excitation=9ms
2022-04-16 14:34:43 [XNIO-1 task-32] INFO  c.z.i.CommonInterceptor - 0:0:0:0:0:0:0:1|/static/images/xiaoyuanfuwu.JPG|excitation=2ms
2022-04-16 14:34:43 [XNIO-1 task-32] INFO  c.z.i.CommonInterceptor - 0:0:0:0:0:0:0:1|/error|excitation=0ms
2022-04-16 14:34:43 [XNIO-1 task-33] INFO  c.z.p.RedisService - redis配置信息不全或没有配置...
2022-04-16 14:34:43 [XNIO-1 task-33] INFO  c.z.p.RedisService - redis配置信息不全或没有配置...
2022-04-16 14:34:43 [XNIO-1 task-33] INFO  c.z.i.CommonInterceptor - 0:0:0:0:0:0:0:1|/api/notification/notRead|_=1650090883282|excitation=6ms
2022-04-16 14:34:43 [XNIO-1 task-34] INFO  c.z.i.CommonInterceptor - 0:0:0:0:0:0:0:1|/topic/tag/%E5%A8%B1%E4%B9%90%E4%BA%A4%E5%8F%8B|excitation=5ms
2022-04-16 14:34:43 [XNIO-1 task-35] INFO  c.z.p.RedisService - redis配置信息不全或没有配置...
2022-04-16 14:34:43 [XNIO-1 task-35] INFO  c.z.p.RedisService - redis配置信息不全或没有配置...
2022-04-16 14:34:43 [XNIO-1 task-35] INFO  c.z.i.CommonInterceptor - 0:0:0:0:0:0:0:1|/api/notification/notRead|_=1650090883903|excitation=7ms
2022-04-16 14:34:43 [XNIO-1 task-37] INFO  c.z.i.CommonInterceptor - 0:0:0:0:0:0:0:1|/static/images/yulejiaoyou.JPG|excitation=0ms
2022-04-16 14:34:43 [XNIO-1 task-37] INFO  c.z.i.CommonInterceptor - 0:0:0:0:0:0:0:1|/error|excitation=0ms
2022-04-16 14:34:44 [XNIO-1 task-36] INFO  c.z.i.CommonInterceptor - 0:0:0:0:0:0:0:1|/topic/tag/%E5%AD%A6%E6%9C%AF%E6%8E%A2%E8%AE%A8|excitation=7ms
2022-04-16 14:34:44 [XNIO-1 task-39] INFO  c.z.i.CommonInterceptor - 0:0:0:0:0:0:0:1|/static/images/xueshujiaoliu.JPG|excitation=0ms
2022-04-16 14:34:44 [XNIO-1 task-39] INFO  c.z.i.CommonInterceptor - 0:0:0:0:0:0:0:1|/error|excitation=1ms
2022-04-16 14:34:44 [XNIO-1 task-38] INFO  c.z.p.RedisService - redis配置信息不全或没有配置...
2022-04-16 14:34:44 [XNIO-1 task-38] INFO  c.z.p.RedisService - redis配置信息不全或没有配置...
2022-04-16 14:34:44 [XNIO-1 task-38] INFO  c.z.i.CommonInterceptor - 0:0:0:0:0:0:0:1|/api/notification/notRead|_=1650090884613|excitation=7ms
2022-04-16 14:34:55 [XNIO-1 task-40] INFO  c.z.i.CommonInterceptor - 0:0:0:0:0:0:0:1|/admin/system/edit|excitation=111ms
